{"/Users/andres11152/Desktop/Reto Hoteleria/server/src/app.module.ts": {"path":"/Users/andres11152/Desktop/Reto Hoteleria/server/src/app.module.ts","statementMap":{"0":{"start":{"line":1,"column":0},"end":{"line":1,"column":40}},"1":{"start":{"line":2,"column":0},"end":{"line":2,"column":41}},"2":{"start":{"line":3,"column":0},"end":{"line":3,"column":68}},"3":{"start":{"line":4,"column":0},"end":{"line":4,"column":54}},"4":{"start":{"line":5,"column":0},"end":{"line":5,"column":71}},"5":{"start":{"line":6,"column":0},"end":{"line":6,"column":71}},"6":{"start":{"line":7,"column":0},"end":{"line":7,"column":70}},"7":{"start":{"line":8,"column":0},"end":{"line":8,"column":77}},"8":{"start":{"line":9,"column":0},"end":{"line":9,"column":68}},"9":{"start":{"line":10,"column":0},"end":{"line":10,"column":77}},"10":{"start":{"line":11,"column":0},"end":{"line":11,"column":56}},"11":{"start":{"line":12,"column":0},"end":{"line":12,"column":62}},"12":{"start":{"line":13,"column":0},"end":{"line":13,"column":68}},"13":{"start":{"line":14,"column":0},"end":{"line":14,"column":63}},"14":{"start":{"line":42,"column":7},"end":{"line":42,"column":null}},"15":{"start":{"line":42,"column":13},"end":{"line":42,"column":22}},"16":{"start":{"line":42,"column":13},"end":{"line":42,"column":null}}},"fnMap":{},"branchMap":{},"s":{"0":0,"1":0,"2":0,"3":0,"4":0,"5":0,"6":0,"7":0,"8":0,"9":0,"10":0,"11":0,"12":0,"13":0,"14":0,"15":0,"16":0},"f":{},"b":{}}
,"/Users/andres11152/Desktop/Reto Hoteleria/server/src/main.ts": {"path":"/Users/andres11152/Desktop/Reto Hoteleria/server/src/main.ts","statementMap":{"0":{"start":{"line":1,"column":0},"end":{"line":1,"column":23}},"1":{"start":{"line":2,"column":0},"end":{"line":2,"column":43}},"2":{"start":{"line":3,"column":0},"end":{"line":3,"column":48}},"3":{"start":{"line":4,"column":0},"end":{"line":4,"column":41}},"4":{"start":{"line":5,"column":0},"end":{"line":5,"column":77}},"5":{"start":{"line":7,"column":26},"end":{"line":7,"column":72}},"6":{"start":{"line":10,"column":20},"end":{"line":10,"column":72}},"7":{"start":{"line":10,"column":54},"end":{"line":10,"column":71}},"8":{"start":{"line":11,"column":2},"end":{"line":15,"column":3}},"9":{"start":{"line":12,"column":4},"end":{"line":14,"column":6}},"10":{"start":{"line":19,"column":2},"end":{"line":19,"column":26}},"11":{"start":{"line":20,"column":14},"end":{"line":20,"column":49}},"12":{"start":{"line":21,"column":2},"end":{"line":21,"column":29}},"13":{"start":{"line":22,"column":2},"end":{"line":25,"column":5}},"14":{"start":{"line":26,"column":2},"end":{"line":26,"column":79}},"15":{"start":{"line":27,"column":2},"end":{"line":27,"column":50}},"16":{"start":{"line":28,"column":2},"end":{"line":28,"column":45}},"17":{"start":{"line":30,"column":0},"end":{"line":30,"column":17}}},"fnMap":{"0":{"name":"verificarEnvRequerido","decl":{"start":{"line":9,"column":9},"end":{"line":9,"column":30}},"loc":{"start":{"line":9,"column":30},"end":{"line":16,"column":1}}},"1":{"name":"(anonymous_1)","decl":{"start":{"line":10,"column":45},"end":{"line":10,"column":46}},"loc":{"start":{"line":10,"column":54},"end":{"line":10,"column":71}}},"2":{"name":"bootstrap","decl":{"start":{"line":18,"column":15},"end":{"line":18,"column":24}},"loc":{"start":{"line":18,"column":24},"end":{"line":29,"column":1}}}},"branchMap":{"0":{"loc":{"start":{"line":11,"column":2},"end":{"line":15,"column":3}},"type":"if","locations":[{"start":{"line":11,"column":2},"end":{"line":15,"column":3}},{"start":{},"end":{}}]},"1":{"loc":{"start":{"line":28,"column":19},"end":{"line":28,"column":43}},"type":"binary-expr","locations":[{"start":{"line":28,"column":19},"end":{"line":28,"column":35}},{"start":{"line":28,"column":39},"end":{"line":28,"column":43}}]}},"s":{"0":0,"1":0,"2":0,"3":0,"4":0,"5":0,"6":0,"7":0,"8":0,"9":0,"10":0,"11":0,"12":0,"13":0,"14":0,"15":0,"16":0,"17":0},"f":{"0":0,"1":0,"2":0},"b":{"0":[0,0],"1":[0,0]}}
,"/Users/andres11152/Desktop/Reto Hoteleria/server/src/common/filters/all-exceptions.filter.ts": {"path":"/Users/andres11152/Desktop/Reto Hoteleria/server/src/common/filters/all-exceptions.filter.ts","statementMap":{"0":{"start":{"line":1,"column":0},"end":{"line":1,"column":null}},"1":{"start":{"line":10,"column":0},"end":{"line":10,"column":55}},"2":{"start":{"line":17,"column":63},"end":{"line":21,"column":2}},"3":{"start":{"line":31,"column":32},"end":{"line":73,"column":null}},"4":{"start":{"line":32,"column":28},"end":{"line":32,"column":64}},"5":{"start":{"line":35,"column":16},"end":{"line":35,"column":35}},"6":{"start":{"line":36,"column":21},"end":{"line":36,"column":48}},"7":{"start":{"line":38,"column":4},"end":{"line":41,"column":5}},"8":{"start":{"line":39,"column":6},"end":{"line":39,"column":75}},"9":{"start":{"line":40,"column":6},"end":{"line":40,"column":13}},"10":{"start":{"line":43,"column":4},"end":{"line":59,"column":5}},"11":{"start":{"line":45,"column":8},"end":{"line":46,"column":40}},"12":{"start":{"line":47,"column":6},"end":{"line":50,"column":8}},"13":{"start":{"line":51,"column":6},"end":{"line":57,"column":9}},"14":{"start":{"line":58,"column":6},"end":{"line":58,"column":13}},"15":{"start":{"line":64,"column":4},"end":{"line":67,"column":6}},"16":{"start":{"line":68,"column":4},"end":{"line":71,"column":7}},"17":{"start":{"line":31,"column":13},"end":{"line":31,"column":32}},"18":{"start":{"line":31,"column":13},"end":{"line":73,"column":null}}},"fnMap":{"0":{"name":"(anonymous_1)","decl":{"start":{"line":34,"column":2},"end":{"line":34,"column":7}},"loc":{"start":{"line":34,"column":47},"end":{"line":72,"column":3}}}},"branchMap":{"0":{"loc":{"start":{"line":38,"column":4},"end":{"line":41,"column":5}},"type":"if","locations":[{"start":{"line":38,"column":4},"end":{"line":41,"column":5}},{"start":{},"end":{}}]},"1":{"loc":{"start":{"line":43,"column":4},"end":{"line":59,"column":5}},"type":"if","locations":[{"start":{"line":43,"column":4},"end":{"line":59,"column":5}},{"start":{},"end":{}}]},"2":{"loc":{"start":{"line":45,"column":8},"end":{"line":46,"column":40}},"type":"binary-expr","locations":[{"start":{"line":45,"column":8},"end":{"line":45,"column":50}},{"start":{"line":46,"column":8},"end":{"line":46,"column":40}}]},"3":{"loc":{"start":{"line":54,"column":10},"end":{"line":56,"column":59}},"type":"cond-expr","locations":[{"start":{"line":55,"column":14},"end":{"line":55,"column":42}},{"start":{"line":56,"column":14},"end":{"line":56,"column":59}}]},"4":{"loc":{"start":{"line":65,"column":6},"end":{"line":65,"column":74}},"type":"cond-expr","locations":[{"start":{"line":65,"column":35},"end":{"line":65,"column":52}},{"start":{"line":65,"column":55},"end":{"line":65,"column":74}}]},"5":{"loc":{"start":{"line":66,"column":6},"end":{"line":66,"column":62}},"type":"cond-expr","locations":[{"start":{"line":66,"column":35},"end":{"line":66,"column":50}},{"start":{"line":66,"column":53},"end":{"line":66,"column":62}}]}},"s":{"0":1,"1":1,"2":1,"3":1,"4":5,"5":5,"6":5,"7":5,"8":1,"9":1,"10":4,"11":3,"12":3,"13":3,"14":3,"15":1,"16":1,"17":1,"18":1},"f":{"0":5},"b":{"0":[1,4],"1":[3,1],"2":[3,1],"3":[1,2],"4":[1,0],"5":[1,0]}}
,"/Users/andres11152/Desktop/Reto Hoteleria/server/src/common/utils/text.util.ts": {"path":"/Users/andres11152/Desktop/Reto Hoteleria/server/src/common/utils/text.util.ts","statementMap":{"0":{"start":{"line":4,"column":0},"end":{"line":4,"column":16}},"1":{"start":{"line":9,"column":0},"end":{"line":9,"column":16}},"2":{"start":{"line":1,"column":29},"end":{"line":1,"column":47}},"3":{"start":{"line":5,"column":2},"end":{"line":5,"column":66}},"4":{"start":{"line":10,"column":2},"end":{"line":10,"column":43}}},"fnMap":{"0":{"name":"stripAccents","decl":{"start":{"line":4,"column":16},"end":{"line":4,"column":28}},"loc":{"start":{"line":4,"column":42},"end":{"line":6,"column":1}}},"1":{"name":"collapseWhitespace","decl":{"start":{"line":9,"column":16},"end":{"line":9,"column":34}},"loc":{"start":{"line":9,"column":48},"end":{"line":11,"column":1}}}},"branchMap":{},"s":{"0":5,"1":5,"2":5,"3":45,"4":45},"f":{"0":45,"1":45},"b":{}}
,"/Users/andres11152/Desktop/Reto Hoteleria/server/src/common/utils/unit-conversion.util.ts": {"path":"/Users/andres11152/Desktop/Reto Hoteleria/server/src/common/utils/unit-conversion.util.ts","statementMap":{"0":{"start":{"line":14,"column":0},"end":{"line":14,"column":16}},"1":{"start":{"line":22,"column":0},"end":{"line":22,"column":16}},"2":{"start":{"line":6,"column":4},"end":{"line":11,"column":2}},"3":{"start":{"line":18,"column":2},"end":{"line":18,"column":35}},"4":{"start":{"line":18,"column":26},"end":{"line":18,"column":35}},"5":{"start":{"line":19,"column":2},"end":{"line":19,"column":47}},"6":{"start":{"line":23,"column":2},"end":{"line":23,"column":35}}},"fnMap":{"0":{"name":"factorConversion","decl":{"start":{"line":14,"column":16},"end":{"line":14,"column":32}},"loc":{"start":{"line":16,"column":23},"end":{"line":20,"column":1}}},"1":{"name":"round2","decl":{"start":{"line":22,"column":16},"end":{"line":22,"column":22}},"loc":{"start":{"line":22,"column":32},"end":{"line":24,"column":1}}}},"branchMap":{"0":{"loc":{"start":{"line":18,"column":2},"end":{"line":18,"column":35}},"type":"if","locations":[{"start":{"line":18,"column":2},"end":{"line":18,"column":35}},{"start":{},"end":{}}]}},"s":{"0":3,"1":3,"2":3,"3":4,"4":0,"5":4,"6":3},"f":{"0":4,"1":3},"b":{"0":[0,4]}}
,"/Users/andres11152/Desktop/Reto Hoteleria/server/src/generated/prisma/browser.ts": {"path":"/Users/andres11152/Desktop/Reto Hoteleria/server/src/generated/prisma/browser.ts","statementMap":{"0":{"start":{"line":15,"column":0},"end":{"line":15,"column":62}},"1":{"start":{"line":16,"column":9},"end":{"line":16,"column":15}},"2":{"start":{"line":17,"column":0},"end":{"line":17,"column":36}},"3":{"start":{"line":18,"column":0},"end":{"line":18,"column":27}}},"fnMap":{},"branchMap":{},"s":{"0":0,"1":0,"2":0,"3":0},"f":{},"b":{}}
,"/Users/andres11152/Desktop/Reto Hoteleria/server/src/generated/prisma/client.ts": {"path":"/Users/andres11152/Desktop/Reto Hoteleria/server/src/generated/prisma/client.ts","statementMap":{"0":{"start":{"line":17,"column":0},"end":{"line":17,"column":45}},"1":{"start":{"line":18,"column":0},"end":{"line":18,"column":55}},"2":{"start":{"line":39,"column":9},"end":{"line":39,"column":15}},"3":{"start":{"line":20,"column":0},"end":{"line":20,"column":36}},"4":{"start":{"line":21,"column":0},"end":{"line":21,"column":26}},"5":{"start":{"line":37,"column":13},"end":{"line":37,"column":null}}},"fnMap":{},"branchMap":{},"s":{"0":12,"1":12,"2":12,"3":12,"4":12,"5":12},"f":{},"b":{}}
,"/Users/andres11152/Desktop/Reto Hoteleria/server/src/generated/prisma/enums.ts": {"path":"/Users/andres11152/Desktop/Reto Hoteleria/server/src/generated/prisma/enums.ts","statementMap":{"0":{"start":{"line":11,"column":13},"end":{"line":20,"column":null}},"1":{"start":{"line":25,"column":13},"end":{"line":30,"column":null}},"2":{"start":{"line":35,"column":13},"end":{"line":40,"column":null}},"3":{"start":{"line":45,"column":13},"end":{"line":49,"column":null}}},"fnMap":{},"branchMap":{},"s":{"0":12,"1":12,"2":12,"3":12},"f":{},"b":{}}
,"/Users/andres11152/Desktop/Reto Hoteleria/server/src/generated/prisma/internal/class.ts": {"path":"/Users/andres11152/Desktop/Reto Hoteleria/server/src/generated/prisma/internal/class.ts","statementMap":{"0":{"start":{"line":251,"column":0},"end":{"line":251,"column":16}},"1":{"start":{"line":13,"column":0},"end":{"line":13,"column":56}},"2":{"start":{"line":17,"column":46},"end":{"line":32,"column":null}},"3":{"start":{"line":34,"column":0},"end":{"line":34,"column":null}},"4":{"start":{"line":35,"column":0},"end":{"line":38,"column":null}},"5":{"start":{"line":41,"column":21},"end":{"line":41,"column":48}},"6":{"start":{"line":42,"column":20},"end":{"line":42,"column":53}},"7":{"start":{"line":43,"column":2},"end":{"line":43,"column":null}},"8":{"start":{"line":46,"column":0},"end":{"line":55,"column":null}},"9":{"start":{"line":47,"column":26},"end":{"line":47,"column":101}},"10":{"start":{"line":50,"column":21},"end":{"line":50,"column":108}},"11":{"start":{"line":51,"column":4},"end":{"line":51,"column":null}},"12":{"start":{"line":252,"column":2},"end":{"line":252,"column":null}}},"fnMap":{"0":{"name":"decodeBase64AsWasm","decl":{"start":{"line":40,"column":15},"end":{"line":40,"column":33}},"loc":{"start":{"line":40,"column":52},"end":{"line":44,"column":1}}},"1":{"name":"(anonymous_10)","decl":{"start":{"line":47,"column":14},"end":{"line":47,"column":19}},"loc":{"start":{"line":47,"column":26},"end":{"line":47,"column":101}}},"2":{"name":"(anonymous_11)","decl":{"start":{"line":49,"column":30},"end":{"line":49,"column":35}},"loc":{"start":{"line":49,"column":41},"end":{"line":52,"column":3}}},"3":{"name":"getPrismaClientClass","decl":{"start":{"line":251,"column":16},"end":{"line":251,"column":36}},"loc":{"start":{"line":251,"column":36},"end":{"line":253,"column":1}}}},"branchMap":{},"s":{"0":12,"1":12,"2":12,"3":12,"4":12,"5":0,"6":0,"7":0,"8":12,"9":0,"10":0,"11":0,"12":12},"f":{"0":0,"1":0,"2":0,"3":12},"b":{}}
,"/Users/andres11152/Desktop/Reto Hoteleria/server/src/generated/prisma/internal/prismaNamespace.ts": {"path":"/Users/andres11152/Desktop/Reto Hoteleria/server/src/generated/prisma/internal/prismaNamespace.ts","statementMap":{"0":{"start":{"line":17,"column":0},"end":{"line":17,"column":56}},"1":{"start":{"line":31,"column":13},"end":{"line":31,"column":null}},"2":{"start":{"line":34,"column":13},"end":{"line":34,"column":null}},"3":{"start":{"line":37,"column":13},"end":{"line":37,"column":null}},"4":{"start":{"line":40,"column":13},"end":{"line":40,"column":null}},"5":{"start":{"line":43,"column":13},"end":{"line":43,"column":null}},"6":{"start":{"line":49,"column":13},"end":{"line":49,"column":null}},"7":{"start":{"line":50,"column":13},"end":{"line":50,"column":null}},"8":{"start":{"line":51,"column":13},"end":{"line":51,"column":null}},"9":{"start":{"line":52,"column":13},"end":{"line":52,"column":null}},"10":{"start":{"line":53,"column":13},"end":{"line":53,"column":null}},"11":{"start":{"line":61,"column":13},"end":{"line":61,"column":null}},"12":{"start":{"line":70,"column":13},"end":{"line":70,"column":null}},"13":{"start":{"line":85,"column":13},"end":{"line":88,"column":null}},"14":{"start":{"line":103,"column":13},"end":{"line":107,"column":null}},"15":{"start":{"line":113,"column":13},"end":{"line":113,"column":null}},"16":{"start":{"line":120,"column":13},"end":{"line":120,"column":null}},"17":{"start":{"line":127,"column":13},"end":{"line":127,"column":null}},"18":{"start":{"line":398,"column":13},"end":{"line":405,"column":null}},"19":{"start":{"line":897,"column":13},"end":{"line":902,"column":null}},"20":{"start":{"line":907,"column":13},"end":{"line":916,"column":null}},"21":{"start":{"line":921,"column":13},"end":{"line":928,"column":null}},"22":{"start":{"line":933,"column":13},"end":{"line":944,"column":null}},"23":{"start":{"line":949,"column":13},"end":{"line":959,"column":null}},"24":{"start":{"line":964,"column":13},"end":{"line":974,"column":null}},"25":{"start":{"line":979,"column":13},"end":{"line":987,"column":null}},"26":{"start":{"line":992,"column":13},"end":{"line":995,"column":null}},"27":{"start":{"line":1000,"column":13},"end":{"line":1003,"column":null}},"28":{"start":{"line":1008,"column":13},"end":{"line":1011,"column":null}},"29":{"start":{"line":1147,"column":13},"end":{"line":1147,"column":null}}},"fnMap":{},"branchMap":{},"s":{"0":12,"1":12,"2":12,"3":12,"4":12,"5":12,"6":12,"7":12,"8":12,"9":12,"10":12,"11":12,"12":12,"13":12,"14":12,"15":12,"16":12,"17":12,"18":12,"19":12,"20":12,"21":12,"22":12,"23":12,"24":12,"25":12,"26":12,"27":12,"28":12,"29":12},"f":{},"b":{}}
,"/Users/andres11152/Desktop/Reto Hoteleria/server/src/generated/prisma/internal/prismaNamespaceBrowser.ts": {"path":"/Users/andres11152/Desktop/Reto Hoteleria/server/src/generated/prisma/internal/prismaNamespaceBrowser.ts","statementMap":{"0":{"start":{"line":17,"column":0},"end":{"line":17,"column":63}},"1":{"start":{"line":22,"column":13},"end":{"line":22,"column":null}},"2":{"start":{"line":25,"column":13},"end":{"line":29,"column":null}},"3":{"start":{"line":35,"column":13},"end":{"line":35,"column":null}},"4":{"start":{"line":42,"column":13},"end":{"line":42,"column":null}},"5":{"start":{"line":49,"column":13},"end":{"line":49,"column":null}},"6":{"start":{"line":52,"column":13},"end":{"line":59,"column":null}},"7":{"start":{"line":67,"column":13},"end":{"line":72,"column":null}},"8":{"start":{"line":77,"column":13},"end":{"line":86,"column":null}},"9":{"start":{"line":91,"column":13},"end":{"line":98,"column":null}},"10":{"start":{"line":103,"column":13},"end":{"line":114,"column":null}},"11":{"start":{"line":119,"column":13},"end":{"line":129,"column":null}},"12":{"start":{"line":134,"column":13},"end":{"line":144,"column":null}},"13":{"start":{"line":149,"column":13},"end":{"line":157,"column":null}},"14":{"start":{"line":162,"column":13},"end":{"line":165,"column":null}},"15":{"start":{"line":170,"column":13},"end":{"line":173,"column":null}},"16":{"start":{"line":178,"column":13},"end":{"line":181,"column":null}}},"fnMap":{},"branchMap":{},"s":{"0":0,"1":0,"2":0,"3":0,"4":0,"5":0,"6":0,"7":0,"8":0,"9":0,"10":0,"11":0,"12":0,"13":0,"14":0,"15":0,"16":0},"f":{},"b":{}}
,"/Users/andres11152/Desktop/Reto Hoteleria/server/src/modules/ai-engine/ai-engine.module.ts": {"path":"/Users/andres11152/Desktop/Reto Hoteleria/server/src/modules/ai-engine/ai-engine.module.ts","statementMap":{"0":{"start":{"line":1,"column":0},"end":{"line":1,"column":40}},"1":{"start":{"line":2,"column":0},"end":{"line":2,"column":54}},"2":{"start":{"line":8,"column":7},"end":{"line":8,"column":null}},"3":{"start":{"line":8,"column":13},"end":{"line":8,"column":27}},"4":{"start":{"line":8,"column":13},"end":{"line":8,"column":null}}},"fnMap":{},"branchMap":{},"s":{"0":0,"1":0,"2":0,"3":0,"4":0},"f":{},"b":{}}
,"/Users/andres11152/Desktop/Reto Hoteleria/server/src/modules/ai-engine/ai-engine.service.ts": {"path":"/Users/andres11152/Desktop/Reto Hoteleria/server/src/modules/ai-engine/ai-engine.service.ts","statementMap":{"0":{"start":{"line":1,"column":0},"end":{"line":1,"column":52}},"1":{"start":{"line":2,"column":0},"end":{"line":2,"column":61}},"2":{"start":{"line":3,"column":0},"end":{"line":3,"column":77}},"3":{"start":{"line":12,"column":30},"end":{"line":19,"column":137}},"4":{"start":{"line":29,"column":34},"end":{"line":29,"column":68}},"5":{"start":{"line":42,"column":28},"end":{"line":218,"column":null}},"6":{"start":{"line":43,"column":28},"end":{"line":43,"column":60}},"7":{"start":{"line":44,"column":34},"end":{"line":44,"column":60}},"8":{"start":{"line":45,"column":33},"end":{"line":45,"column":79}},"9":{"start":{"line":47,"column":4},"end":{"line":47,"column":61}},"10":{"start":{"line":50,"column":32},"end":{"line":53,"column":6}},"11":{"start":{"line":51,"column":19},"end":{"line":51,"column":70}},"12":{"start":{"line":52,"column":4},"end":{"line":52,"column":59}},"13":{"start":{"line":56,"column":33},"end":{"line":59,"column":6}},"14":{"start":{"line":57,"column":19},"end":{"line":57,"column":74}},"15":{"start":{"line":58,"column":4},"end":{"line":58,"column":63}},"16":{"start":{"line":64,"column":4},"end":{"line":75,"column":5}},"17":{"start":{"line":65,"column":6},"end":{"line":74,"column":7}},"18":{"start":{"line":66,"column":22},"end":{"line":66,"column":78}},"19":{"start":{"line":67,"column":8},"end":{"line":67,"column":43}},"20":{"start":{"line":69,"column":8},"end":{"line":73,"column":10}},"21":{"start":{"line":77,"column":4},"end":{"line":80,"column":6}},"22":{"start":{"line":91,"column":34},"end":{"line":91,"column":38}},"23":{"start":{"line":93,"column":4},"end":{"line":127,"column":5}},"24":{"start":{"line":93,"column":23},"end":{"line":93,"column":24}},"25":{"start":{"line":94,"column":6},"end":{"line":102,"column":7}},"26":{"start":{"line":96,"column":23},"end":{"line":96,"column":55}},"27":{"start":{"line":97,"column":22},"end":{"line":97,"column":74}},"28":{"start":{"line":98,"column":8},"end":{"line":100,"column":10}},"29":{"start":{"line":101,"column":8},"end":{"line":101,"column":32}},"30":{"start":{"line":104,"column":6},"end":{"line":126,"column":7}},"31":{"start":{"line":105,"column":8},"end":{"line":105,"column":51}},"32":{"start":{"line":107,"column":8},"end":{"line":107,"column":72}},"33":{"start":{"line":110,"column":28},"end":{"line":110,"column":79}},"34":{"start":{"line":111,"column":27},"end":{"line":111,"column":76}},"35":{"start":{"line":113,"column":8},"end":{"line":119,"column":9}},"36":{"start":{"line":115,"column":10},"end":{"line":117,"column":12}},"37":{"start":{"line":118,"column":10},"end":{"line":118,"column":26}},"38":{"start":{"line":121,"column":8},"end":{"line":125,"column":9}},"39":{"start":{"line":122,"column":10},"end":{"line":124,"column":12}},"40":{"start":{"line":129,"column":4},"end":{"line":129,"column":70}},"41":{"start":{"line":133,"column":16},"end":{"line":133,"column":134}},"42":{"start":{"line":134,"column":21},"end":{"line":169,"column":6}},"43":{"start":{"line":171,"column":4},"end":{"line":175,"column":5}},"44":{"start":{"line":172,"column":6},"end":{"line":174,"column":8}},"45":{"start":{"line":177,"column":18},"end":{"line":177,"column":39}},"46":{"start":{"line":178,"column":20},"end":{"line":178,"column":67}},"47":{"start":{"line":179,"column":4},"end":{"line":181,"column":5}},"48":{"start":{"line":180,"column":6},"end":{"line":180,"column":70}},"49":{"start":{"line":183,"column":19},"end":{"line":183,"column":61}},"50":{"start":{"line":184,"column":4},"end":{"line":186,"column":5}},"51":{"start":{"line":185,"column":6},"end":{"line":185,"column":68}},"52":{"start":{"line":188,"column":4},"end":{"line":188,"column":65}},"53":{"start":{"line":188,"column":38},"end":{"line":188,"column":63}},"54":{"start":{"line":192,"column":16},"end":{"line":192,"column":56}},"55":{"start":{"line":194,"column":6},"end":{"line":196,"column":12}},"56":{"start":{"line":197,"column":21},"end":{"line":197,"column":41}},"57":{"start":{"line":199,"column":6},"end":{"line":201,"column":12}},"58":{"start":{"line":202,"column":27},"end":{"line":206,"column":27}},"59":{"start":{"line":208,"column":4},"end":{"line":212,"column":6}},"60":{"start":{"line":216,"column":4},"end":{"line":216,"column":61}},"61":{"start":{"line":216,"column":36},"end":{"line":216,"column":59}},"62":{"start":{"line":42,"column":13},"end":{"line":42,"column":28}},"63":{"start":{"line":42,"column":13},"end":{"line":218,"column":null}}},"fnMap":{"0":{"name":"(anonymous_1)","decl":{"start":{"line":50,"column":33},"end":{"line":50,"column":36}},"loc":{"start":{"line":50,"column":38},"end":{"line":53,"column":3}}},"1":{"name":"(anonymous_2)","decl":{"start":{"line":56,"column":34},"end":{"line":56,"column":37}},"loc":{"start":{"line":56,"column":39},"end":{"line":59,"column":3}}},"2":{"name":"(anonymous_3)","decl":{"start":{"line":61,"column":2},"end":{"line":61,"column":7}},"loc":{"start":{"line":62,"column":30},"end":{"line":81,"column":3}}},"3":{"name":"(anonymous_4)","decl":{"start":{"line":88,"column":10},"end":{"line":88,"column":15}},"loc":{"start":{"line":89,"column":17},"end":{"line":130,"column":3}}},"4":{"name":"(anonymous_5)","decl":{"start":{"line":132,"column":10},"end":{"line":132,"column":15}},"loc":{"start":{"line":132,"column":47},"end":{"line":189,"column":3}}},"5":{"name":"(anonymous_6)","decl":{"start":{"line":188,"column":28},"end":{"line":188,"column":29}},"loc":{"start":{"line":188,"column":38},"end":{"line":188,"column":63}}},"6":{"name":"(anonymous_7)","decl":{"start":{"line":191,"column":10},"end":{"line":191,"column":24}},"loc":{"start":{"line":191,"column":38},"end":{"line":213,"column":3}}},"7":{"name":"(anonymous_8)","decl":{"start":{"line":215,"column":10},"end":{"line":215,"column":15}},"loc":{"start":{"line":215,"column":26},"end":{"line":217,"column":3}}},"8":{"name":"(anonymous_9)","decl":{"start":{"line":216,"column":23},"end":{"line":216,"column":24}},"loc":{"start":{"line":216,"column":36},"end":{"line":216,"column":59}}}},"branchMap":{"0":{"loc":{"start":{"line":45,"column":33},"end":{"line":45,"column":79}},"type":"binary-expr","locations":[{"start":{"line":45,"column":33},"end":{"line":45,"column":57}},{"start":{"line":45,"column":61},"end":{"line":45,"column":79}}]},"1":{"loc":{"start":{"line":47,"column":4},"end":{"line":47,"column":61}},"type":"binary-expr","locations":[{"start":{"line":47,"column":4},"end":{"line":47,"column":36}},{"start":{"line":47,"column":40},"end":{"line":47,"column":61}}]},"2":{"loc":{"start":{"line":51,"column":28},"end":{"line":51,"column":65}},"type":"binary-expr","locations":[{"start":{"line":51,"column":28},"end":{"line":51,"column":58}},{"start":{"line":51,"column":62},"end":{"line":51,"column":65}}]},"3":{"loc":{"start":{"line":52,"column":11},"end":{"line":52,"column":58}},"type":"cond-expr","locations":[{"start":{"line":52,"column":48},"end":{"line":52,"column":49}},{"start":{"line":52,"column":52},"end":{"line":52,"column":58}}]},"4":{"loc":{"start":{"line":52,"column":11},"end":{"line":52,"column":45}},"type":"binary-expr","locations":[{"start":{"line":52,"column":11},"end":{"line":52,"column":31}},{"start":{"line":52,"column":35},"end":{"line":52,"column":45}}]},"5":{"loc":{"start":{"line":57,"column":28},"end":{"line":57,"column":69}},"type":"binary-expr","locations":[{"start":{"line":57,"column":28},"end":{"line":57,"column":60}},{"start":{"line":57,"column":64},"end":{"line":57,"column":69}}]},"6":{"loc":{"start":{"line":58,"column":11},"end":{"line":58,"column":62}},"type":"cond-expr","locations":[{"start":{"line":58,"column":50},"end":{"line":58,"column":53}},{"start":{"line":58,"column":56},"end":{"line":58,"column":62}}]},"7":{"loc":{"start":{"line":58,"column":11},"end":{"line":58,"column":47}},"type":"binary-expr","locations":[{"start":{"line":58,"column":11},"end":{"line":58,"column":31}},{"start":{"line":58,"column":35},"end":{"line":58,"column":47}}]},"8":{"loc":{"start":{"line":64,"column":4},"end":{"line":75,"column":5}},"type":"if","locations":[{"start":{"line":64,"column":4},"end":{"line":75,"column":5}},{"start":{},"end":{}}]},"9":{"loc":{"start":{"line":71,"column":12},"end":{"line":71,"column":null}},"type":"cond-expr","locations":[{"start":{"line":71,"column":35},"end":{"line":71,"column":46}},{"start":{"line":71,"column":49},"end":{"line":71,"column":null}}]},"10":{"loc":{"start":{"line":94,"column":6},"end":{"line":102,"column":7}},"type":"if","locations":[{"start":{"line":94,"column":6},"end":{"line":102,"column":7}},{"start":{},"end":{}}]},"11":{"loc":{"start":{"line":107,"column":20},"end":{"line":107,"column":71}},"type":"cond-expr","locations":[{"start":{"line":107,"column":43},"end":{"line":107,"column":46}},{"start":{"line":107,"column":49},"end":{"line":107,"column":71}}]},"12":{"loc":{"start":{"line":111,"column":27},"end":{"line":111,"column":76}},"type":"cond-expr","locations":[{"start":{"line":111,"column":41},"end":{"line":111,"column":69}},{"start":{"line":111,"column":72},"end":{"line":111,"column":76}}]},"13":{"loc":{"start":{"line":113,"column":8},"end":{"line":119,"column":9}},"type":"if","locations":[{"start":{"line":113,"column":8},"end":{"line":119,"column":9}},{"start":{},"end":{}}]},"14":{"loc":{"start":{"line":113,"column":12},"end":{"line":113,"column":77}},"type":"binary-expr","locations":[{"start":{"line":113,"column":12},"end":{"line":113,"column":31}},{"start":{"line":113,"column":35},"end":{"line":113,"column":77}}]},"15":{"loc":{"start":{"line":121,"column":8},"end":{"line":125,"column":9}},"type":"if","locations":[{"start":{"line":121,"column":8},"end":{"line":125,"column":9}},{"start":{},"end":{}}]},"16":{"loc":{"start":{"line":129,"column":10},"end":{"line":129,"column":69}},"type":"binary-expr","locations":[{"start":{"line":129,"column":10},"end":{"line":129,"column":19}},{"start":{"line":129,"column":23},"end":{"line":129,"column":69}}]},"17":{"loc":{"start":{"line":171,"column":4},"end":{"line":175,"column":5}},"type":"if","locations":[{"start":{"line":171,"column":4},"end":{"line":175,"column":5}},{"start":{},"end":{}}]},"18":{"loc":{"start":{"line":179,"column":4},"end":{"line":181,"column":5}},"type":"if","locations":[{"start":{"line":179,"column":4},"end":{"line":181,"column":5}},{"start":{},"end":{}}]},"19":{"loc":{"start":{"line":184,"column":4},"end":{"line":186,"column":5}},"type":"if","locations":[{"start":{"line":184,"column":4},"end":{"line":186,"column":5}},{"start":{},"end":{}}]},"20":{"loc":{"start":{"line":194,"column":6},"end":{"line":196,"column":12}},"type":"cond-expr","locations":[{"start":{"line":195,"column":10},"end":{"line":195,"column":37}},{"start":{"line":196,"column":10},"end":{"line":196,"column":12}}]},"21":{"loc":{"start":{"line":199,"column":6},"end":{"line":201,"column":12}},"type":"cond-expr","locations":[{"start":{"line":200,"column":10},"end":{"line":200,"column":41}},{"start":{"line":201,"column":10},"end":{"line":201,"column":12}}]},"22":{"loc":{"start":{"line":202,"column":27},"end":{"line":206,"column":27}},"type":"cond-expr","locations":[{"start":{"line":205,"column":9},"end":{"line":205,"column":35}},{"start":{"line":206,"column":8},"end":{"line":206,"column":27}}]},"23":{"loc":{"start":{"line":210,"column":16},"end":{"line":210,"column":56}},"type":"cond-expr","locations":[{"start":{"line":210,"column":44},"end":{"line":210,"column":52}},{"start":{"line":210,"column":55},"end":{"line":210,"column":56}}]}},"s":{"0":2,"1":2,"2":2,"3":2,"4":2,"5":2,"6":0,"7":0,"8":0,"9":0,"10":0,"11":0,"12":0,"13":0,"14":0,"15":0,"16":0,"17":0,"18":0,"19":0,"20":0,"21":0,"22":0,"23":0,"24":0,"25":0,"26":0,"27":0,"28":0,"29":0,"30":0,"31":0,"32":0,"33":0,"34":0,"35":0,"36":0,"37":0,"38":0,"39":0,"40":0,"41":0,"42":0,"43":0,"44":0,"45":0,"46":0,"47":0,"48":0,"49":0,"50":0,"51":0,"52":0,"53":0,"54":0,"55":0,"56":0,"57":0,"58":0,"59":0,"60":0,"61":0,"62":2,"63":2},"f":{"0":0,"1":0,"2":0,"3":0,"4":0,"5":0,"6":0,"7":0,"8":0},"b":{"0":[0,0],"1":[0,0],"2":[0,0],"3":[0,0],"4":[0,0],"5":[0,0],"6":[0,0],"7":[0,0],"8":[0,0],"9":[0,0],"10":[0,0],"11":[0,0],"12":[0,0],"13":[0,0],"14":[0,0],"15":[0,0],"16":[0,0],"17":[0,0],"18":[0,0],"19":[0,0],"20":[0,0],"21":[0,0],"22":[0,0],"23":[0,0]}}
,"/Users/andres11152/Desktop/Reto Hoteleria/server/src/modules/ai-engine/voice-parser.util.ts": {"path":"/Users/andres11152/Desktop/Reto Hoteleria/server/src/modules/ai-engine/voice-parser.util.ts","statementMap":{"0":{"start":{"line":234,"column":0},"end":{"line":234,"column":16}},"1":{"start":{"line":1,"column":0},"end":{"line":1,"column":80}},"2":{"start":{"line":2,"column":0},"end":{"line":2,"column":61}},"3":{"start":{"line":10,"column":44},"end":{"line":22,"column":2}},"4":{"start":{"line":24,"column":44},"end":{"line":35,"column":2}},"5":{"start":{"line":37,"column":47},"end":{"line":49,"column":2}},"6":{"start":{"line":51,"column":43},"end":{"line":59,"column":2}},"7":{"start":{"line":61,"column":47},"end":{"line":72,"column":2}},"8":{"start":{"line":74,"column":56},"end":{"line":95,"column":2}},"9":{"start":{"line":97,"column":24},"end":{"line":97,"column":46}},"10":{"start":{"line":106,"column":12},"end":{"line":106,"column":21}},"11":{"start":{"line":107,"column":2},"end":{"line":107,"column":35}},"12":{"start":{"line":107,"column":23},"end":{"line":107,"column":35}},"13":{"start":{"line":109,"column":2},"end":{"line":118,"column":3}},"14":{"start":{"line":110,"column":16},"end":{"line":110,"column":33}},"15":{"start":{"line":111,"column":25},"end":{"line":111,"column":26}},"16":{"start":{"line":112,"column":17},"end":{"line":112,"column":44}},"17":{"start":{"line":113,"column":4},"end":{"line":116,"column":5}},"18":{"start":{"line":114,"column":6},"end":{"line":114,"column":26}},"19":{"start":{"line":115,"column":6},"end":{"line":115,"column":44}},"20":{"start":{"line":117,"column":4},"end":{"line":117,"column":37}},"21":{"start":{"line":120,"column":2},"end":{"line":128,"column":3}},"22":{"start":{"line":121,"column":16},"end":{"line":121,"column":29}},"23":{"start":{"line":122,"column":25},"end":{"line":122,"column":26}},"24":{"start":{"line":123,"column":4},"end":{"line":126,"column":5}},"25":{"start":{"line":124,"column":6},"end":{"line":124,"column":42}},"26":{"start":{"line":125,"column":6},"end":{"line":125,"column":25}},"27":{"start":{"line":127,"column":4},"end":{"line":127,"column":37}},"28":{"start":{"line":130,"column":2},"end":{"line":132,"column":3}},"29":{"start":{"line":131,"column":4},"end":{"line":131,"column":59}},"30":{"start":{"line":133,"column":2},"end":{"line":135,"column":3}},"31":{"start":{"line":134,"column":4},"end":{"line":134,"column":56}},"32":{"start":{"line":136,"column":2},"end":{"line":138,"column":3}},"33":{"start":{"line":137,"column":4},"end":{"line":137,"column":56}},"34":{"start":{"line":140,"column":2},"end":{"line":140,"column":14}},"35":{"start":{"line":145,"column":12},"end":{"line":145,"column":21}},"36":{"start":{"line":146,"column":2},"end":{"line":146,"column":35}},"37":{"start":{"line":146,"column":23},"end":{"line":146,"column":35}},"38":{"start":{"line":149,"column":2},"end":{"line":151,"column":3}},"39":{"start":{"line":150,"column":4},"end":{"line":150,"column":45}},"40":{"start":{"line":152,"column":2},"end":{"line":154,"column":3}},"41":{"start":{"line":153,"column":4},"end":{"line":153,"column":46}},"42":{"start":{"line":155,"column":2},"end":{"line":157,"column":3}},"43":{"start":{"line":156,"column":4},"end":{"line":156,"column":46}},"44":{"start":{"line":159,"column":2},"end":{"line":173,"column":3}},"45":{"start":{"line":160,"column":16},"end":{"line":160,"column":47}},"46":{"start":{"line":161,"column":25},"end":{"line":161,"column":26}},"47":{"start":{"line":162,"column":4},"end":{"line":171,"column":5}},"48":{"start":{"line":166,"column":6},"end":{"line":166,"column":19}},"49":{"start":{"line":167,"column":6},"end":{"line":167,"column":26}},"50":{"start":{"line":168,"column":11},"end":{"line":171,"column":5}},"51":{"start":{"line":169,"column":6},"end":{"line":169,"column":20}},"52":{"start":{"line":170,"column":6},"end":{"line":170,"column":26}},"53":{"start":{"line":172,"column":4},"end":{"line":172,"column":37}},"54":{"start":{"line":176,"column":34},"end":{"line":176,"column":38}},"55":{"start":{"line":177,"column":2},"end":{"line":184,"column":3}},"56":{"start":{"line":178,"column":4},"end":{"line":178,"column":44}},"57":{"start":{"line":180,"column":17},"end":{"line":180,"column":40}},"58":{"start":{"line":181,"column":4},"end":{"line":183,"column":5}},"59":{"start":{"line":182,"column":6},"end":{"line":182,"column":77}},"60":{"start":{"line":185,"column":2},"end":{"line":194,"column":3}},"61":{"start":{"line":186,"column":16},"end":{"line":186,"column":34}},"62":{"start":{"line":187,"column":25},"end":{"line":187,"column":45}},"63":{"start":{"line":188,"column":22},"end":{"line":188,"column":62}},"64":{"start":{"line":189,"column":4},"end":{"line":192,"column":5}},"65":{"start":{"line":190,"column":6},"end":{"line":190,"column":31}},"66":{"start":{"line":191,"column":6},"end":{"line":191,"column":49}},"67":{"start":{"line":193,"column":4},"end":{"line":193,"column":37}},"68":{"start":{"line":196,"column":15},"end":{"line":196,"column":38}},"69":{"start":{"line":197,"column":2},"end":{"line":215,"column":3}},"70":{"start":{"line":198,"column":16},"end":{"line":198,"column":26}},"71":{"start":{"line":199,"column":25},"end":{"line":199,"column":44}},"72":{"start":{"line":200,"column":4},"end":{"line":213,"column":5}},"73":{"start":{"line":205,"column":6},"end":{"line":205,"column":19}},"74":{"start":{"line":206,"column":6},"end":{"line":206,"column":26}},"75":{"start":{"line":207,"column":11},"end":{"line":213,"column":5}},"76":{"start":{"line":211,"column":6},"end":{"line":211,"column":20}},"77":{"start":{"line":212,"column":6},"end":{"line":212,"column":26}},"78":{"start":{"line":214,"column":4},"end":{"line":214,"column":37}},"79":{"start":{"line":217,"column":2},"end":{"line":217,"column":14}},"80":{"start":{"line":221,"column":16},"end":{"line":225,"column":null}},"81":{"start":{"line":227,"column":2},"end":{"line":227,"column":42}},"82":{"start":{"line":235,"column":17},"end":{"line":235,"column":32}},"83":{"start":{"line":236,"column":34},"end":{"line":236,"column":36}},"84":{"start":{"line":237,"column":10},"end":{"line":237,"column":11}},"85":{"start":{"line":239,"column":2},"end":{"line":290,"column":3}},"86":{"start":{"line":240,"column":16},"end":{"line":240,"column":40}},"87":{"start":{"line":241,"column":4},"end":{"line":244,"column":5}},"88":{"start":{"line":242,"column":6},"end":{"line":242,"column":10}},"89":{"start":{"line":243,"column":6},"end":{"line":243,"column":15}},"90":{"start":{"line":246,"column":12},"end":{"line":246,"column":34}},"91":{"start":{"line":247,"column":22},"end":{"line":247,"column":31}},"92":{"start":{"line":248,"column":26},"end":{"line":248,"column":54}},"93":{"start":{"line":249,"column":28},"end":{"line":249,"column":37}},"94":{"start":{"line":251,"column":4},"end":{"line":268,"column":5}},"95":{"start":{"line":252,"column":6},"end":{"line":252,"column":10}},"96":{"start":{"line":254,"column":6},"end":{"line":256,"column":7}},"97":{"start":{"line":255,"column":8},"end":{"line":255,"column":52}},"98":{"start":{"line":258,"column":6},"end":{"line":267,"column":7}},"99":{"start":{"line":262,"column":8},"end":{"line":262,"column":33}},"100":{"start":{"line":263,"column":8},"end":{"line":263,"column":15}},"101":{"start":{"line":264,"column":13},"end":{"line":267,"column":7}},"102":{"start":{"line":265,"column":8},"end":{"line":265,"column":34}},"103":{"start":{"line":266,"column":8},"end":{"line":266,"column":15}},"104":{"start":{"line":270,"column":4},"end":{"line":270,"column":44}},"105":{"start":{"line":270,"column":40},"end":{"line":270,"column":44}},"106":{"start":{"line":272,"column":33},"end":{"line":272,"column":35}},"107":{"start":{"line":273,"column":4},"end":{"line":279,"column":5}},"108":{"start":{"line":275,"column":8},"end":{"line":275,"column":66}},"109":{"start":{"line":276,"column":6},"end":{"line":276,"column":70}},"110":{"start":{"line":276,"column":64},"end":{"line":276,"column":70}},"111":{"start":{"line":277,"column":6},"end":{"line":277,"column":33}},"112":{"start":{"line":278,"column":6},"end":{"line":278,"column":10}},"113":{"start":{"line":281,"column":4},"end":{"line":287,"column":5}},"114":{"start":{"line":282,"column":6},"end":{"line":286,"column":9}},"115":{"start":{"line":289,"column":4},"end":{"line":289,"column":38}},"116":{"start":{"line":292,"column":2},"end":{"line":292,"column":15}}},"fnMap":{"0":{"name":"parseUpTo999","decl":{"start":{"line":105,"column":9},"end":{"line":105,"column":21}},"loc":{"start":{"line":105,"column":49},"end":{"line":141,"column":1}}},"1":{"name":"parseNumberAt","decl":{"start":{"line":144,"column":9},"end":{"line":144,"column":22}},"loc":{"start":{"line":144,"column":50},"end":{"line":218,"column":1}}},"2":{"name":"tokenize","decl":{"start":{"line":220,"column":9},"end":{"line":220,"column":17}},"loc":{"start":{"line":220,"column":31},"end":{"line":228,"column":1}}},"3":{"name":"parseVoiceItemsLocally","decl":{"start":{"line":234,"column":16},"end":{"line":234,"column":38}},"loc":{"start":{"line":234,"column":52},"end":{"line":293,"column":1}}}},"branchMap":{"0":{"loc":{"start":{"line":107,"column":2},"end":{"line":107,"column":35}},"type":"if","locations":[{"start":{"line":107,"column":2},"end":{"line":107,"column":35}},{"start":{},"end":{}}]},"1":{"loc":{"start":{"line":109,"column":2},"end":{"line":118,"column":3}},"type":"if","locations":[{"start":{"line":109,"column":2},"end":{"line":118,"column":3}},{"start":{},"end":{}}]},"2":{"loc":{"start":{"line":113,"column":4},"end":{"line":116,"column":5}},"type":"if","locations":[{"start":{"line":113,"column":4},"end":{"line":116,"column":5}},{"start":{},"end":{}}]},"3":{"loc":{"start":{"line":113,"column":8},"end":{"line":113,"column":32}},"type":"binary-expr","locations":[{"start":{"line":113,"column":8},"end":{"line":113,"column":12}},{"start":{"line":113,"column":16},"end":{"line":113,"column":32}}]},"4":{"loc":{"start":{"line":120,"column":2},"end":{"line":128,"column":3}},"type":"if","locations":[{"start":{"line":120,"column":2},"end":{"line":128,"column":3}},{"start":{},"end":{}}]},"5":{"loc":{"start":{"line":123,"column":4},"end":{"line":126,"column":5}},"type":"if","locations":[{"start":{"line":123,"column":4},"end":{"line":126,"column":5}},{"start":{},"end":{}}]},"6":{"loc":{"start":{"line":123,"column":8},"end":{"line":123,"column":73}},"type":"binary-expr","locations":[{"start":{"line":123,"column":8},"end":{"line":123,"column":29}},{"start":{"line":123,"column":33},"end":{"line":123,"column":73}}]},"7":{"loc":{"start":{"line":130,"column":2},"end":{"line":132,"column":3}},"type":"if","locations":[{"start":{"line":130,"column":2},"end":{"line":132,"column":3}},{"start":{},"end":{}}]},"8":{"loc":{"start":{"line":133,"column":2},"end":{"line":135,"column":3}},"type":"if","locations":[{"start":{"line":133,"column":2},"end":{"line":135,"column":3}},{"start":{},"end":{}}]},"9":{"loc":{"start":{"line":136,"column":2},"end":{"line":138,"column":3}},"type":"if","locations":[{"start":{"line":136,"column":2},"end":{"line":138,"column":3}},{"start":{},"end":{}}]},"10":{"loc":{"start":{"line":146,"column":2},"end":{"line":146,"column":35}},"type":"if","locations":[{"start":{"line":146,"column":2},"end":{"line":146,"column":35}},{"start":{},"end":{}}]},"11":{"loc":{"start":{"line":149,"column":2},"end":{"line":151,"column":3}},"type":"if","locations":[{"start":{"line":149,"column":2},"end":{"line":151,"column":3}},{"start":{},"end":{}}]},"12":{"loc":{"start":{"line":149,"column":6},"end":{"line":149,"column":36}},"type":"binary-expr","locations":[{"start":{"line":149,"column":6},"end":{"line":149,"column":19}},{"start":{"line":149,"column":23},"end":{"line":149,"column":36}}]},"13":{"loc":{"start":{"line":152,"column":2},"end":{"line":154,"column":3}},"type":"if","locations":[{"start":{"line":152,"column":2},"end":{"line":154,"column":3}},{"start":{},"end":{}}]},"14":{"loc":{"start":{"line":152,"column":6},"end":{"line":152,"column":46}},"type":"binary-expr","locations":[{"start":{"line":152,"column":6},"end":{"line":152,"column":16}},{"start":{"line":152,"column":20},"end":{"line":152,"column":46}}]},"15":{"loc":{"start":{"line":155,"column":2},"end":{"line":157,"column":3}},"type":"if","locations":[{"start":{"line":155,"column":2},"end":{"line":157,"column":3}},{"start":{},"end":{}}]},"16":{"loc":{"start":{"line":155,"column":6},"end":{"line":155,"column":49}},"type":"binary-expr","locations":[{"start":{"line":155,"column":6},"end":{"line":155,"column":18}},{"start":{"line":155,"column":22},"end":{"line":155,"column":49}}]},"17":{"loc":{"start":{"line":159,"column":2},"end":{"line":173,"column":3}},"type":"if","locations":[{"start":{"line":159,"column":2},"end":{"line":173,"column":3}},{"start":{},"end":{}}]},"18":{"loc":{"start":{"line":162,"column":4},"end":{"line":171,"column":5}},"type":"if","locations":[{"start":{"line":162,"column":4},"end":{"line":171,"column":5}},{"start":{"line":168,"column":11},"end":{"line":171,"column":5}}]},"19":{"loc":{"start":{"line":163,"column":6},"end":{"line":164,"column":62}},"type":"binary-expr","locations":[{"start":{"line":163,"column":6},"end":{"line":163,"column":27}},{"start":{"line":164,"column":7},"end":{"line":164,"column":32}},{"start":{"line":164,"column":36},"end":{"line":164,"column":61}}]},"20":{"loc":{"start":{"line":168,"column":11},"end":{"line":171,"column":5}},"type":"if","locations":[{"start":{"line":168,"column":11},"end":{"line":171,"column":5}},{"start":{},"end":{}}]},"21":{"loc":{"start":{"line":168,"column":15},"end":{"line":168,"column":66}},"type":"binary-expr","locations":[{"start":{"line":168,"column":15},"end":{"line":168,"column":36}},{"start":{"line":168,"column":40},"end":{"line":168,"column":66}}]},"22":{"loc":{"start":{"line":177,"column":2},"end":{"line":184,"column":3}},"type":"if","locations":[{"start":{"line":177,"column":2},"end":{"line":184,"column":3}},{"start":{"line":179,"column":9},"end":{"line":184,"column":3}}]},"23":{"loc":{"start":{"line":181,"column":4},"end":{"line":183,"column":5}},"type":"if","locations":[{"start":{"line":181,"column":4},"end":{"line":183,"column":5}},{"start":{},"end":{}}]},"24":{"loc":{"start":{"line":181,"column":8},"end":{"line":181,"column":57}},"type":"binary-expr","locations":[{"start":{"line":181,"column":8},"end":{"line":181,"column":12}},{"start":{"line":181,"column":16},"end":{"line":181,"column":57}}]},"25":{"loc":{"start":{"line":185,"column":2},"end":{"line":194,"column":3}},"type":"if","locations":[{"start":{"line":185,"column":2},"end":{"line":194,"column":3}},{"start":{},"end":{}}]},"26":{"loc":{"start":{"line":189,"column":4},"end":{"line":192,"column":5}},"type":"if","locations":[{"start":{"line":189,"column":4},"end":{"line":192,"column":5}},{"start":{},"end":{}}]},"27":{"loc":{"start":{"line":197,"column":2},"end":{"line":215,"column":3}},"type":"if","locations":[{"start":{"line":197,"column":2},"end":{"line":215,"column":3}},{"start":{},"end":{}}]},"28":{"loc":{"start":{"line":200,"column":4},"end":{"line":213,"column":5}},"type":"if","locations":[{"start":{"line":200,"column":4},"end":{"line":213,"column":5}},{"start":{"line":207,"column":11},"end":{"line":213,"column":5}}]},"29":{"loc":{"start":{"line":201,"column":6},"end":{"line":203,"column":51}},"type":"binary-expr","locations":[{"start":{"line":201,"column":6},"end":{"line":201,"column":40}},{"start":{"line":202,"column":7},"end":{"line":202,"column":49}},{"start":{"line":203,"column":8},"end":{"line":203,"column":50}}]},"30":{"loc":{"start":{"line":207,"column":11},"end":{"line":213,"column":5}},"type":"if","locations":[{"start":{"line":207,"column":11},"end":{"line":213,"column":5}},{"start":{},"end":{}}]},"31":{"loc":{"start":{"line":208,"column":6},"end":{"line":209,"column":49}},"type":"binary-expr","locations":[{"start":{"line":208,"column":6},"end":{"line":208,"column":40}},{"start":{"line":209,"column":6},"end":{"line":209,"column":49}}]},"32":{"loc":{"start":{"line":241,"column":4},"end":{"line":244,"column":5}},"type":"if","locations":[{"start":{"line":241,"column":4},"end":{"line":244,"column":5}},{"start":{},"end":{}}]},"33":{"loc":{"start":{"line":251,"column":4},"end":{"line":268,"column":5}},"type":"if","locations":[{"start":{"line":251,"column":4},"end":{"line":268,"column":5}},{"start":{},"end":{}}]},"34":{"loc":{"start":{"line":254,"column":6},"end":{"line":256,"column":7}},"type":"if","locations":[{"start":{"line":254,"column":6},"end":{"line":256,"column":7}},{"start":{},"end":{}}]},"35":{"loc":{"start":{"line":254,"column":10},"end":{"line":254,"column":57}},"type":"binary-expr","locations":[{"start":{"line":254,"column":10},"end":{"line":254,"column":31}},{"start":{"line":254,"column":35},"end":{"line":254,"column":57}}]},"36":{"loc":{"start":{"line":258,"column":6},"end":{"line":267,"column":7}},"type":"if","locations":[{"start":{"line":258,"column":6},"end":{"line":267,"column":7}},{"start":{"line":264,"column":13},"end":{"line":267,"column":7}}]},"37":{"loc":{"start":{"line":259,"column":8},"end":{"line":260,"column":64}},"type":"binary-expr","locations":[{"start":{"line":259,"column":8},"end":{"line":259,"column":25}},{"start":{"line":260,"column":9},"end":{"line":260,"column":34}},{"start":{"line":260,"column":38},"end":{"line":260,"column":63}}]},"38":{"loc":{"start":{"line":264,"column":13},"end":{"line":267,"column":7}},"type":"if","locations":[{"start":{"line":264,"column":13},"end":{"line":267,"column":7}},{"start":{},"end":{}}]},"39":{"loc":{"start":{"line":264,"column":17},"end":{"line":264,"column":64}},"type":"binary-expr","locations":[{"start":{"line":264,"column":17},"end":{"line":264,"column":34}},{"start":{"line":264,"column":38},"end":{"line":264,"column":64}}]},"40":{"loc":{"start":{"line":270,"column":4},"end":{"line":270,"column":44}},"type":"if","locations":[{"start":{"line":270,"column":4},"end":{"line":270,"column":44}},{"start":{},"end":{}}]},"41":{"loc":{"start":{"line":275,"column":8},"end":{"line":275,"column":66}},"type":"binary-expr","locations":[{"start":{"line":275,"column":8},"end":{"line":275,"column":25}},{"start":{"line":275,"column":29},"end":{"line":275,"column":66}}]},"42":{"loc":{"start":{"line":276,"column":6},"end":{"line":276,"column":70}},"type":"if","locations":[{"start":{"line":276,"column":6},"end":{"line":276,"column":70}},{"start":{},"end":{}}]},"43":{"loc":{"start":{"line":276,"column":10},"end":{"line":276,"column":62}},"type":"binary-expr","locations":[{"start":{"line":276,"column":10},"end":{"line":276,"column":25}},{"start":{"line":276,"column":29},"end":{"line":276,"column":62}}]},"44":{"loc":{"start":{"line":281,"column":4},"end":{"line":287,"column":5}},"type":"if","locations":[{"start":{"line":281,"column":4},"end":{"line":287,"column":5}},{"start":{},"end":{}}]},"45":{"loc":{"start":{"line":285,"column":23},"end":{"line":285,"column":59}},"type":"binary-expr","locations":[{"start":{"line":285,"column":23},"end":{"line":285,"column":36}},{"start":{"line":285,"column":40},"end":{"line":285,"column":59}}]},"46":{"loc":{"start":{"line":289,"column":8},"end":{"line":289,"column":37}},"type":"cond-expr","locations":[{"start":{"line":289,"column":28},"end":{"line":289,"column":33}},{"start":{"line":289,"column":36},"end":{"line":289,"column":37}}]}},"s":{"0":3,"1":3,"2":3,"3":3,"4":3,"5":3,"6":3,"7":3,"8":3,"9":3,"10":118,"11":118,"12":0,"13":118,"14":7,"15":7,"16":7,"17":7,"18":2,"19":2,"20":7,"21":111,"22":6,"23":6,"24":6,"25":2,"26":2,"27":6,"28":105,"29":4,"30":101,"31":10,"32":91,"33":11,"34":80,"35":68,"36":68,"37":0,"38":68,"39":1,"40":67,"41":0,"42":67,"43":0,"44":67,"45":11,"46":11,"47":11,"48":0,"49":0,"50":11,"51":0,"52":0,"53":11,"54":56,"55":56,"56":1,"57":55,"58":55,"59":1,"60":56,"61":2,"62":2,"63":2,"64":2,"65":1,"66":1,"67":2,"68":54,"69":54,"70":17,"71":17,"72":17,"73":0,"74":0,"75":17,"76":0,"77":0,"78":17,"79":37,"80":27,"81":27,"82":27,"83":27,"84":27,"85":27,"86":32,"87":32,"88":4,"89":4,"90":28,"91":28,"92":28,"93":28,"94":28,"95":25,"96":25,"97":1,"98":25,"99":1,"100":1,"101":24,"102":0,"103":0,"104":28,"105":25,"106":28,"107":28,"108":36,"109":36,"110":3,"111":33,"112":33,"113":28,"114":27,"115":28,"116":27},"f":{"0":118,"1":68,"2":27,"3":27},"b":{"0":[0,118],"1":[7,111],"2":[2,5],"3":[7,2],"4":[6,105],"5":[2,4],"6":[6,2],"7":[4,101],"8":[10,91],"9":[11,80],"10":[0,68],"11":[1,67],"12":[68,67],"13":[0,67],"14":[67,0],"15":[0,67],"16":[67,1],"17":[11,56],"18":[0,11],"19":[11,1,1],"20":[0,11],"21":[11,1],"22":[1,55],"23":[1,54],"24":[55,18],"25":[2,54],"26":[1,1],"27":[17,37],"28":[0,17],"29":[17,0,0],"30":[0,17],"31":[17,0],"32":[4,28],"33":[25,3],"34":[1,24],"35":[25,25],"36":[1,24],"37":[25,1,0],"38":[0,24],"39":[24,0],"40":[25,3],"41":[36,3],"42":[3,33],"43":[36,33],"44":[27,1],"45":[27,2],"46":[3,25]}}
,"/Users/andres11152/Desktop/Reto Hoteleria/server/src/modules/almacenes/almacen.controller.ts": {"path":"/Users/andres11152/Desktop/Reto Hoteleria/server/src/modules/almacenes/almacen.controller.ts","statementMap":{"0":{"start":{"line":1,"column":0},"end":{"line":1,"column":56}},"1":{"start":{"line":2,"column":0},"end":{"line":2,"column":51}},"2":{"start":{"line":3,"column":0},"end":{"line":3,"column":71}},"3":{"start":{"line":6,"column":7},"end":{"line":13,"column":null}},"4":{"start":{"line":7,"column":31},"end":{"line":7,"column":47}},"5":{"start":{"line":11,"column":4},"end":{"line":11,"column":53}},"6":{"start":{"line":6,"column":13},"end":{"line":6,"column":30}},"7":{"start":{"line":10,"column":2},"end":{"line":12,"column":null}},"8":{"start":{"line":6,"column":13},"end":{"line":13,"column":null}}},"fnMap":{"0":{"name":"(anonymous_4)","decl":{"start":{"line":7,"column":2},"end":{"line":7,"column":31}},"loc":{"start":{"line":7,"column":61},"end":{"line":7,"column":65}}},"1":{"name":"(anonymous_5)","decl":{"start":{"line":10,"column":2},"end":{"line":10,"column":9}},"loc":{"start":{"line":10,"column":47},"end":{"line":12,"column":3}}}},"branchMap":{"0":{"loc":{"start":{"line":10,"column":26},"end":{"line":10,"column":null}},"type":"cond-expr","locations":[{"start":{"line":10,"column":47},"end":{"line":10,"column":null}},{"start":{"line":10,"column":47},"end":{"line":10,"column":null}}]},"1":{"loc":{"start":{"line":10,"column":26},"end":{"line":10,"column":47}},"type":"binary-expr","locations":[{"start":{"line":10,"column":26},"end":{"line":10,"column":null}},{"start":{"line":10,"column":26},"end":{"line":10,"column":47}}]},"2":{"loc":{"start":{"line":7,"column":47},"end":{"line":7,"column":64}},"type":"cond-expr","locations":[{"start":{"line":7,"column":61},"end":{"line":7,"column":64}},{"start":{"line":7,"column":61},"end":{"line":7,"column":64}}]},"3":{"loc":{"start":{"line":7,"column":47},"end":{"line":7,"column":61}},"type":"binary-expr","locations":[{"start":{"line":7,"column":47},"end":{"line":7,"column":64}},{"start":{"line":7,"column":47},"end":{"line":7,"column":61}}]}},"s":{"0":0,"1":0,"2":0,"3":0,"4":0,"5":0,"6":0,"7":0,"8":0},"f":{"0":0,"1":0},"b":{"0":[0,0],"1":[0,0],"2":[0,0],"3":[0,0]}}
,"/Users/andres11152/Desktop/Reto Hoteleria/server/src/modules/almacenes/almacen.repository.ts": {"path":"/Users/andres11152/Desktop/Reto Hoteleria/server/src/modules/almacenes/almacen.repository.ts","statementMap":{"0":{"start":{"line":1,"column":0},"end":{"line":1,"column":44}},"1":{"start":{"line":2,"column":0},"end":{"line":2,"column":60}},"2":{"start":{"line":12,"column":7},"end":{"line":43,"column":null}},"3":{"start":{"line":13,"column":31},"end":{"line":13,"column":39}},"4":{"start":{"line":16,"column":4},"end":{"line":19,"column":7}},"5":{"start":{"line":23,"column":4},"end":{"line":23,"column":61}},"6":{"start":{"line":27,"column":4},"end":{"line":27,"column":39}},"7":{"start":{"line":32,"column":4},"end":{"line":32,"column":36}},"8":{"start":{"line":32,"column":27},"end":{"line":32,"column":36}},"9":{"start":{"line":33,"column":16},"end":{"line":38,"column":null}},"10":{"start":{"line":34,"column":6},"end":{"line":38,"column":8}},"11":{"start":{"line":40,"column":4},"end":{"line":40,"column":60}},"12":{"start":{"line":41,"column":4},"end":{"line":41,"column":23}},"13":{"start":{"line":12,"column":13},"end":{"line":12,"column":30}},"14":{"start":{"line":12,"column":13},"end":{"line":43,"column":null}}},"fnMap":{"0":{"name":"(anonymous_2)","decl":{"start":{"line":13,"column":2},"end":{"line":13,"column":31}},"loc":{"start":{"line":13,"column":52},"end":{"line":13,"column":56}}},"1":{"name":"(anonymous_3)","decl":{"start":{"line":15,"column":2},"end":{"line":15,"column":9}},"loc":{"start":{"line":15,"column":42},"end":{"line":20,"column":3}}},"2":{"name":"(anonymous_4)","decl":{"start":{"line":22,"column":2},"end":{"line":22,"column":10}},"loc":{"start":{"line":22,"column":21},"end":{"line":24,"column":3}}},"3":{"name":"(anonymous_5)","decl":{"start":{"line":26,"column":2},"end":{"line":26,"column":7}},"loc":{"start":{"line":26,"column":7},"end":{"line":28,"column":3}}},"4":{"name":"(anonymous_6)","decl":{"start":{"line":31,"column":2},"end":{"line":31,"column":7}},"loc":{"start":{"line":31,"column":45},"end":{"line":42,"column":3}}},"5":{"name":"(anonymous_7)","decl":{"start":{"line":33,"column":25},"end":{"line":33,"column":26}},"loc":{"start":{"line":34,"column":6},"end":{"line":38,"column":8}}}},"branchMap":{"0":{"loc":{"start":{"line":15,"column":10},"end":{"line":15,"column":42}},"type":"default-arg","locations":[{"start":{"line":15,"column":40},"end":{"line":15,"column":42}}]},"1":{"loc":{"start":{"line":17,"column":13},"end":{"line":17,"column":66}},"type":"cond-expr","locations":[{"start":{"line":17,"column":29},"end":{"line":17,"column":54}},{"start":{"line":17,"column":57},"end":{"line":17,"column":66}}]},"2":{"loc":{"start":{"line":32,"column":4},"end":{"line":32,"column":36}},"type":"if","locations":[{"start":{"line":32,"column":4},"end":{"line":32,"column":36}},{"start":{},"end":{}}]},"3":{"loc":{"start":{"line":13,"column":39},"end":{"line":13,"column":55}},"type":"cond-expr","locations":[{"start":{"line":13,"column":52},"end":{"line":13,"column":55}},{"start":{"line":13,"column":52},"end":{"line":13,"column":55}}]},"4":{"loc":{"start":{"line":13,"column":39},"end":{"line":13,"column":52}},"type":"binary-expr","locations":[{"start":{"line":13,"column":39},"end":{"line":13,"column":55}},{"start":{"line":13,"column":39},"end":{"line":13,"column":52}}]}},"s":{"0":4,"1":4,"2":4,"3":0,"4":0,"5":0,"6":0,"7":0,"8":0,"9":0,"10":0,"11":0,"12":0,"13":4,"14":4},"f":{"0":0,"1":0,"2":0,"3":0,"4":0,"5":0},"b":{"0":[0],"1":[0,0],"2":[0,0],"3":[4,0],"4":[4,4]}}
,"/Users/andres11152/Desktop/Reto Hoteleria/server/src/modules/almacenes/almacen.service.ts": {"path":"/Users/andres11152/Desktop/Reto Hoteleria/server/src/modules/almacenes/almacen.service.ts","statementMap":{"0":{"start":{"line":1,"column":0},"end":{"line":1,"column":44}},"1":{"start":{"line":2,"column":0},"end":{"line":2,"column":57}},"2":{"start":{"line":5,"column":7},"end":{"line":11,"column":null}},"3":{"start":{"line":6,"column":31},"end":{"line":6,"column":50}},"4":{"start":{"line":9,"column":4},"end":{"line":9,"column":54}},"5":{"start":{"line":5,"column":13},"end":{"line":5,"column":27}},"6":{"start":{"line":5,"column":13},"end":{"line":11,"column":null}}},"fnMap":{"0":{"name":"(anonymous_2)","decl":{"start":{"line":6,"column":2},"end":{"line":6,"column":31}},"loc":{"start":{"line":6,"column":67},"end":{"line":6,"column":71}}},"1":{"name":"(anonymous_3)","decl":{"start":{"line":8,"column":2},"end":{"line":8,"column":9}},"loc":{"start":{"line":8,"column":25},"end":{"line":10,"column":3}}}},"branchMap":{"0":{"loc":{"start":{"line":6,"column":50},"end":{"line":6,"column":70}},"type":"cond-expr","locations":[{"start":{"line":6,"column":67},"end":{"line":6,"column":70}},{"start":{"line":6,"column":67},"end":{"line":6,"column":70}}]},"1":{"loc":{"start":{"line":6,"column":50},"end":{"line":6,"column":67}},"type":"binary-expr","locations":[{"start":{"line":6,"column":50},"end":{"line":6,"column":70}},{"start":{"line":6,"column":50},"end":{"line":6,"column":67}}]}},"s":{"0":1,"1":1,"2":1,"3":2,"4":2,"5":1,"6":1},"f":{"0":2,"1":2},"b":{"0":[1,0],"1":[1,1]}}
,"/Users/andres11152/Desktop/Reto Hoteleria/server/src/modules/almacenes/almacenes.module.ts": {"path":"/Users/andres11152/Desktop/Reto Hoteleria/server/src/modules/almacenes/almacenes.module.ts","statementMap":{"0":{"start":{"line":1,"column":0},"end":{"line":1,"column":40}},"1":{"start":{"line":2,"column":0},"end":{"line":2,"column":57}},"2":{"start":{"line":3,"column":0},"end":{"line":3,"column":51}},"3":{"start":{"line":4,"column":0},"end":{"line":4,"column":57}},"4":{"start":{"line":11,"column":7},"end":{"line":11,"column":null}},"5":{"start":{"line":11,"column":13},"end":{"line":11,"column":28}},"6":{"start":{"line":11,"column":13},"end":{"line":11,"column":null}}},"fnMap":{},"branchMap":{},"s":{"0":0,"1":0,"2":0,"3":0,"4":0,"5":0,"6":0},"f":{},"b":{}}
,"/Users/andres11152/Desktop/Reto Hoteleria/server/src/modules/almacenes/dto/find-almacenes-query.dto.ts": {"path":"/Users/andres11152/Desktop/Reto Hoteleria/server/src/modules/almacenes/dto/find-almacenes-query.dto.ts","statementMap":{"0":{"start":{"line":1,"column":0},"end":{"line":1,"column":55}},"1":{"start":{"line":3,"column":0},"end":{"line":3,"column":13}},"2":{"start":{"line":6,"column":2},"end":{"line":6,"column":null}}},"fnMap":{},"branchMap":{},"s":{"0":0,"1":0,"2":0},"f":{},"b":{}}
,"/Users/andres11152/Desktop/Reto Hoteleria/server/src/modules/articulos/articulo-text.util.ts": {"path":"/Users/andres11152/Desktop/Reto Hoteleria/server/src/modules/articulos/articulo-text.util.ts","statementMap":{"0":{"start":{"line":101,"column":0},"end":{"line":101,"column":16}},"1":{"start":{"line":125,"column":0},"end":{"line":125,"column":16}},"2":{"start":{"line":1,"column":0},"end":{"line":1,"column":80}},"3":{"start":{"line":3,"column":45},"end":{"line":15,"column":2}},"4":{"start":{"line":17,"column":18},"end":{"line":29,"column":2}},"5":{"start":{"line":32,"column":30},"end":{"line":64,"column":2}},"6":{"start":{"line":68,"column":2},"end":{"line":68,"column":54}},"7":{"start":{"line":71,"column":2},"end":{"line":76,"column":4}},"8":{"start":{"line":84,"column":2},"end":{"line":90,"column":6}},"9":{"start":{"line":87,"column":16},"end":{"line":87,"column":36}},"10":{"start":{"line":89,"column":13},"end":{"line":89,"column":79}},"11":{"start":{"line":102,"column":17},"end":{"line":102,"column":42}},"12":{"start":{"line":103,"column":2},"end":{"line":103,"column":37}},"13":{"start":{"line":103,"column":27},"end":{"line":103,"column":37}},"14":{"start":{"line":105,"column":18},"end":{"line":105,"column":35}},"15":{"start":{"line":106,"column":2},"end":{"line":106,"column":32}},"16":{"start":{"line":108,"column":2},"end":{"line":114,"column":3}},"17":{"start":{"line":109,"column":4},"end":{"line":109,"column":46}},"18":{"start":{"line":110,"column":19},"end":{"line":110,"column":28}},"19":{"start":{"line":111,"column":4},"end":{"line":113,"column":5}},"20":{"start":{"line":112,"column":6},"end":{"line":112,"column":36}},"21":{"start":{"line":116,"column":22},"end":{"line":116,"column":49}},"22":{"start":{"line":117,"column":2},"end":{"line":117,"column":67}},"23":{"start":{"line":117,"column":36},"end":{"line":117,"column":53}},"24":{"start":{"line":126,"column":2},"end":{"line":131,"column":12}},"25":{"start":{"line":129,"column":19},"end":{"line":129,"column":78}}},"fnMap":{"0":{"name":"baseClean","decl":{"start":{"line":70,"column":9},"end":{"line":70,"column":18}},"loc":{"start":{"line":70,"column":32},"end":{"line":77,"column":1}}},"1":{"name":"significantTokens","decl":{"start":{"line":83,"column":9},"end":{"line":83,"column":26}},"loc":{"start":{"line":83,"column":41},"end":{"line":91,"column":1}}},"2":{"name":"(anonymous_2)","decl":{"start":{"line":87,"column":9},"end":{"line":87,"column":10}},"loc":{"start":{"line":87,"column":16},"end":{"line":87,"column":36}}},"3":{"name":"(anonymous_3)","decl":{"start":{"line":89,"column":6},"end":{"line":89,"column":7}},"loc":{"start":{"line":89,"column":13},"end":{"line":89,"column":79}}},"4":{"name":"buildAliases","decl":{"start":{"line":101,"column":16},"end":{"line":101,"column":28}},"loc":{"start":{"line":101,"column":43},"end":{"line":118,"column":1}}},"5":{"name":"(anonymous_5)","decl":{"start":{"line":117,"column":29},"end":{"line":117,"column":30}},"loc":{"start":{"line":117,"column":36},"end":{"line":117,"column":53}}},"6":{"name":"normalizeSpokenText","decl":{"start":{"line":125,"column":16},"end":{"line":125,"column":35}},"loc":{"start":{"line":125,"column":49},"end":{"line":132,"column":1}}},"7":{"name":"(anonymous_7)","decl":{"start":{"line":129,"column":12},"end":{"line":129,"column":13}},"loc":{"start":{"line":129,"column":19},"end":{"line":129,"column":78}}}},"branchMap":{"0":{"loc":{"start":{"line":87,"column":16},"end":{"line":87,"column":36}},"type":"binary-expr","locations":[{"start":{"line":87,"column":16},"end":{"line":87,"column":31}},{"start":{"line":87,"column":35},"end":{"line":87,"column":36}}]},"1":{"loc":{"start":{"line":89,"column":13},"end":{"line":89,"column":79}},"type":"binary-expr","locations":[{"start":{"line":89,"column":13},"end":{"line":89,"column":25}},{"start":{"line":89,"column":29},"end":{"line":89,"column":46}},{"start":{"line":89,"column":50},"end":{"line":89,"column":79}}]},"2":{"loc":{"start":{"line":103,"column":2},"end":{"line":103,"column":37}},"type":"if","locations":[{"start":{"line":103,"column":2},"end":{"line":103,"column":37}},{"start":{},"end":{}}]},"3":{"loc":{"start":{"line":108,"column":2},"end":{"line":114,"column":3}},"type":"if","locations":[{"start":{"line":108,"column":2},"end":{"line":114,"column":3}},{"start":{},"end":{}}]},"4":{"loc":{"start":{"line":129,"column":19},"end":{"line":129,"column":78}},"type":"binary-expr","locations":[{"start":{"line":129,"column":19},"end":{"line":129,"column":48}},{"start":{"line":129,"column":52},"end":{"line":129,"column":78}}]}},"s":{"0":4,"1":4,"2":4,"3":4,"4":4,"5":4,"6":4,"7":18,"8":6,"9":24,"10":24,"11":6,"12":6,"13":1,"14":5,"15":5,"16":5,"17":5,"18":5,"19":5,"20":10,"21":5,"22":5,"23":18,"24":12,"25":39},"f":{"0":18,"1":6,"2":24,"3":24,"4":6,"5":18,"6":12,"7":39},"b":{"0":[24,23],"1":[24,24,23],"2":[1,5],"3":[5,0],"4":[39,20]}}
,"/Users/andres11152/Desktop/Reto Hoteleria/server/src/modules/articulos/articulo.controller.ts": {"path":"/Users/andres11152/Desktop/Reto Hoteleria/server/src/modules/articulos/articulo.controller.ts","statementMap":{"0":{"start":{"line":1,"column":0},"end":{"line":1,"column":75}},"1":{"start":{"line":2,"column":0},"end":{"line":2,"column":53}},"2":{"start":{"line":3,"column":0},"end":{"line":3,"column":71}},"3":{"start":{"line":4,"column":0},"end":{"line":4,"column":54}},"4":{"start":{"line":7,"column":7},"end":{"line":24,"column":null}},"5":{"start":{"line":8,"column":31},"end":{"line":8,"column":48}},"6":{"start":{"line":12,"column":4},"end":{"line":12,"column":47}},"7":{"start":{"line":17,"column":4},"end":{"line":17,"column":69}},"8":{"start":{"line":22,"column":4},"end":{"line":22,"column":45}},"9":{"start":{"line":7,"column":13},"end":{"line":7,"column":31}},"10":{"start":{"line":11,"column":2},"end":{"line":13,"column":null}},"11":{"start":{"line":16,"column":2},"end":{"line":18,"column":null}},"12":{"start":{"line":21,"column":2},"end":{"line":23,"column":null}},"13":{"start":{"line":7,"column":13},"end":{"line":24,"column":null}}},"fnMap":{"0":{"name":"(anonymous_4)","decl":{"start":{"line":8,"column":2},"end":{"line":8,"column":31}},"loc":{"start":{"line":8,"column":63},"end":{"line":8,"column":67}}},"1":{"name":"(anonymous_5)","decl":{"start":{"line":11,"column":2},"end":{"line":11,"column":9}},"loc":{"start":{"line":11,"column":47},"end":{"line":13,"column":3}}},"2":{"name":"(anonymous_6)","decl":{"start":{"line":16,"column":2},"end":{"line":16,"column":12}},"loc":{"start":{"line":16,"column":40},"end":{"line":18,"column":3}}},"3":{"name":"(anonymous_7)","decl":{"start":{"line":21,"column":2},"end":{"line":21,"column":9}},"loc":{"start":{"line":21,"column":33},"end":{"line":23,"column":3}}}},"branchMap":{"0":{"loc":{"start":{"line":11,"column":26},"end":{"line":11,"column":null}},"type":"cond-expr","locations":[{"start":{"line":11,"column":47},"end":{"line":11,"column":null}},{"start":{"line":11,"column":47},"end":{"line":11,"column":null}}]},"1":{"loc":{"start":{"line":11,"column":26},"end":{"line":11,"column":47}},"type":"binary-expr","locations":[{"start":{"line":11,"column":26},"end":{"line":11,"column":null}},{"start":{"line":11,"column":26},"end":{"line":11,"column":47}}]},"2":{"loc":{"start":{"line":16,"column":27},"end":{"line":16,"column":null}},"type":"cond-expr","locations":[{"start":{"line":16,"column":40},"end":{"line":16,"column":null}},{"start":{"line":16,"column":40},"end":{"line":16,"column":null}}]},"3":{"loc":{"start":{"line":16,"column":27},"end":{"line":16,"column":40}},"type":"binary-expr","locations":[{"start":{"line":16,"column":27},"end":{"line":16,"column":null}},{"start":{"line":16,"column":27},"end":{"line":16,"column":40}}]},"4":{"loc":{"start":{"line":8,"column":48},"end":{"line":8,"column":66}},"type":"cond-expr","locations":[{"start":{"line":8,"column":63},"end":{"line":8,"column":66}},{"start":{"line":8,"column":63},"end":{"line":8,"column":66}}]},"5":{"loc":{"start":{"line":8,"column":48},"end":{"line":8,"column":63}},"type":"binary-expr","locations":[{"start":{"line":8,"column":48},"end":{"line":8,"column":66}},{"start":{"line":8,"column":48},"end":{"line":8,"column":63}}]}},"s":{"0":0,"1":0,"2":0,"3":0,"4":0,"5":0,"6":0,"7":0,"8":0,"9":0,"10":0,"11":0,"12":0,"13":0},"f":{"0":0,"1":0,"2":0,"3":0},"b":{"0":[0,0],"1":[0,0],"2":[0,0],"3":[0,0],"4":[0,0],"5":[0,0]}}
,"/Users/andres11152/Desktop/Reto Hoteleria/server/src/modules/articulos/articulo.repository.ts": {"path":"/Users/andres11152/Desktop/Reto Hoteleria/server/src/modules/articulos/articulo.repository.ts","statementMap":{"0":{"start":{"line":1,"column":0},"end":{"line":1,"column":44}},"1":{"start":{"line":2,"column":0},"end":{"line":2,"column":60}},"2":{"start":{"line":3,"column":0},"end":{"line":3,"column":null}},"3":{"start":{"line":24,"column":7},"end":{"line":166,"column":null}},"4":{"start":{"line":25,"column":31},"end":{"line":25,"column":39}},"5":{"start":{"line":32,"column":4},"end":{"line":37,"column":7}},"6":{"start":{"line":41,"column":4},"end":{"line":41,"column":62}},"7":{"start":{"line":45,"column":4},"end":{"line":45,"column":63}},"8":{"start":{"line":49,"column":4},"end":{"line":49,"column":49}},"9":{"start":{"line":57,"column":20},"end":{"line":57,"column":32}},"10":{"start":{"line":58,"column":28},"end":{"line":60,"column":20}},"11":{"start":{"line":62,"column":4},"end":{"line":73,"column":6}},"12":{"start":{"line":84,"column":4},"end":{"line":102,"column":6}},"13":{"start":{"line":115,"column":4},"end":{"line":115,"column":36}},"14":{"start":{"line":115,"column":27},"end":{"line":115,"column":36}},"15":{"start":{"line":117,"column":17},"end":{"line":117,"column":78}},"16":{"start":{"line":117,"column":33},"end":{"line":117,"column":38}},"17":{"start":{"line":117,"column":67},"end":{"line":117,"column":77}},"18":{"start":{"line":118,"column":20},"end":{"line":118,"column":45}},"19":{"start":{"line":118,"column":36},"end":{"line":118,"column":44}},"20":{"start":{"line":120,"column":24},"end":{"line":127,"column":6}},"21":{"start":{"line":129,"column":19},"end":{"line":129,"column":46}},"22":{"start":{"line":130,"column":22},"end":{"line":130,"column":49}},"23":{"start":{"line":132,"column":4},"end":{"line":135,"column":5}},"24":{"start":{"line":133,"column":6},"end":{"line":133,"column":47}},"25":{"start":{"line":133,"column":20},"end":{"line":133,"column":47}},"26":{"start":{"line":134,"column":6},"end":{"line":134,"column":39}},"27":{"start":{"line":137,"column":49},"end":{"line":137,"column":51}},"28":{"start":{"line":139,"column":4},"end":{"line":161,"column":5}},"29":{"start":{"line":141,"column":8},"end":{"line":142,"column":33}},"30":{"start":{"line":144,"column":19},"end":{"line":152,"column":8}},"31":{"start":{"line":154,"column":6},"end":{"line":160,"column":7}},"32":{"start":{"line":155,"column":8},"end":{"line":157,"column":10}},"33":{"start":{"line":159,"column":8},"end":{"line":159,"column":56}},"34":{"start":{"line":163,"column":4},"end":{"line":163,"column":61}},"35":{"start":{"line":164,"column":4},"end":{"line":164,"column":23}},"36":{"start":{"line":24,"column":13},"end":{"line":24,"column":31}},"37":{"start":{"line":24,"column":13},"end":{"line":166,"column":null}}},"fnMap":{"0":{"name":"(anonymous_2)","decl":{"start":{"line":25,"column":2},"end":{"line":25,"column":31}},"loc":{"start":{"line":25,"column":52},"end":{"line":25,"column":56}}},"1":{"name":"(anonymous_3)","decl":{"start":{"line":27,"column":2},"end":{"line":27,"column":9}},"loc":{"start":{"line":30,"column":5},"end":{"line":38,"column":3}}},"2":{"name":"(anonymous_4)","decl":{"start":{"line":40,"column":2},"end":{"line":40,"column":10}},"loc":{"start":{"line":40,"column":21},"end":{"line":42,"column":3}}},"3":{"name":"(anonymous_5)","decl":{"start":{"line":44,"column":2},"end":{"line":44,"column":11}},"loc":{"start":{"line":44,"column":23},"end":{"line":46,"column":3}}},"4":{"name":"(anonymous_6)","decl":{"start":{"line":48,"column":2},"end":{"line":48,"column":7}},"loc":{"start":{"line":48,"column":45},"end":{"line":50,"column":3}}},"5":{"name":"(anonymous_7)","decl":{"start":{"line":53,"column":2},"end":{"line":53,"column":15}},"loc":{"start":{"line":55,"column":49},"end":{"line":74,"column":3}}},"6":{"name":"(anonymous_8)","decl":{"start":{"line":80,"column":2},"end":{"line":80,"column":17}},"loc":{"start":{"line":82,"column":13},"end":{"line":103,"column":3}}},"7":{"name":"(anonymous_9)","decl":{"start":{"line":114,"column":2},"end":{"line":114,"column":7}},"loc":{"start":{"line":114,"column":46},"end":{"line":165,"column":3}}},"8":{"name":"(anonymous_10)","decl":{"start":{"line":117,"column":26},"end":{"line":117,"column":27}},"loc":{"start":{"line":117,"column":33},"end":{"line":117,"column":38}}},"9":{"name":"(anonymous_11)","decl":{"start":{"line":117,"column":47},"end":{"line":117,"column":48}},"loc":{"start":{"line":117,"column":67},"end":{"line":117,"column":77}}},"10":{"name":"(anonymous_12)","decl":{"start":{"line":118,"column":29},"end":{"line":118,"column":30}},"loc":{"start":{"line":118,"column":36},"end":{"line":118,"column":44}}}},"branchMap":{"0":{"loc":{"start":{"line":28,"column":4},"end":{"line":30,"column":null}},"type":"default-arg","locations":[{"start":{"line":28,"column":69},"end":{"line":30,"column":null}}]},"1":{"loc":{"start":{"line":33,"column":13},"end":{"line":33,"column":75}},"type":"cond-expr","locations":[{"start":{"line":33,"column":32},"end":{"line":33,"column":63}},{"start":{"line":33,"column":66},"end":{"line":33,"column":75}}]},"2":{"loc":{"start":{"line":36,"column":12},"end":{"line":36,"column":30}},"type":"binary-expr","locations":[{"start":{"line":36,"column":12},"end":{"line":36,"column":25}},{"start":{"line":36,"column":29},"end":{"line":36,"column":30}}]},"3":{"loc":{"start":{"line":48,"column":8},"end":{"line":48,"column":45}},"type":"default-arg","locations":[{"start":{"line":48,"column":43},"end":{"line":48,"column":45}}]},"4":{"loc":{"start":{"line":58,"column":28},"end":{"line":60,"column":20}},"type":"cond-expr","locations":[{"start":{"line":59,"column":8},"end":{"line":59,"column":57}},{"start":{"line":60,"column":8},"end":{"line":60,"column":20}}]},"5":{"loc":{"start":{"line":82,"column":4},"end":{"line":82,"column":13}},"type":"default-arg","locations":[{"start":{"line":82,"column":12},"end":{"line":82,"column":13}}]},"6":{"loc":{"start":{"line":115,"column":4},"end":{"line":115,"column":36}},"type":"if","locations":[{"start":{"line":115,"column":4},"end":{"line":115,"column":36}},{"start":{},"end":{}}]},"7":{"loc":{"start":{"line":123,"column":14},"end":{"line":123,"column":60}},"type":"cond-expr","locations":[{"start":{"line":123,"column":32},"end":{"line":123,"column":55}},{"start":{"line":123,"column":58},"end":{"line":123,"column":60}}]},"8":{"loc":{"start":{"line":133,"column":6},"end":{"line":133,"column":47}},"type":"if","locations":[{"start":{"line":133,"column":6},"end":{"line":133,"column":47}},{"start":{},"end":{}}]},"9":{"loc":{"start":{"line":141,"column":8},"end":{"line":142,"column":33}},"type":"binary-expr","locations":[{"start":{"line":141,"column":9},"end":{"line":141,"column":50}},{"start":{"line":142,"column":8},"end":{"line":142,"column":33}}]},"10":{"loc":{"start":{"line":141,"column":9},"end":{"line":141,"column":50}},"type":"cond-expr","locations":[{"start":{"line":141,"column":19},"end":{"line":141,"column":38}},{"start":{"line":141,"column":41},"end":{"line":141,"column":50}}]},"11":{"loc":{"start":{"line":154,"column":6},"end":{"line":160,"column":7}},"type":"if","locations":[{"start":{"line":154,"column":6},"end":{"line":160,"column":7}},{"start":{"line":158,"column":13},"end":{"line":160,"column":7}}]},"12":{"loc":{"start":{"line":25,"column":39},"end":{"line":25,"column":55}},"type":"cond-expr","locations":[{"start":{"line":25,"column":52},"end":{"line":25,"column":55}},{"start":{"line":25,"column":52},"end":{"line":25,"column":55}}]},"13":{"loc":{"start":{"line":25,"column":39},"end":{"line":25,"column":52}},"type":"binary-expr","locations":[{"start":{"line":25,"column":39},"end":{"line":25,"column":55}},{"start":{"line":25,"column":39},"end":{"line":25,"column":52}}]}},"s":{"0":3,"1":3,"2":3,"3":3,"4":0,"5":0,"6":0,"7":0,"8":0,"9":0,"10":0,"11":0,"12":0,"13":0,"14":0,"15":0,"16":0,"17":0,"18":0,"19":0,"20":0,"21":0,"22":0,"23":0,"24":0,"25":0,"26":0,"27":0,"28":0,"29":0,"30":0,"31":0,"32":0,"33":0,"34":0,"35":0,"36":3,"37":3},"f":{"0":0,"1":0,"2":0,"3":0,"4":0,"5":0,"6":0,"7":0,"8":0,"9":0,"10":0},"b":{"0":[0],"1":[0,0],"2":[0,0],"3":[0],"4":[0,0],"5":[0],"6":[0,0],"7":[0,0],"8":[0,0],"9":[0,0],"10":[0,0],"11":[0,0],"12":[3,0],"13":[3,3]}}
,"/Users/andres11152/Desktop/Reto Hoteleria/server/src/modules/articulos/articulo.service.ts": {"path":"/Users/andres11152/Desktop/Reto Hoteleria/server/src/modules/articulos/articulo.service.ts","statementMap":{"0":{"start":{"line":1,"column":0},"end":{"line":1,"column":63}},"1":{"start":{"line":2,"column":0},"end":{"line":2,"column":59}},"2":{"start":{"line":3,"column":0},"end":{"line":3,"column":59}},"3":{"start":{"line":14,"column":30},"end":{"line":14,"column":34}},"4":{"start":{"line":17,"column":7},"end":{"line":66,"column":null}},"5":{"start":{"line":18,"column":31},"end":{"line":18,"column":51}},"6":{"start":{"line":21,"column":18},"end":{"line":21,"column":35}},"7":{"start":{"line":22,"column":19},"end":{"line":22,"column":39}},"8":{"start":{"line":24,"column":4},"end":{"line":29,"column":5}},"9":{"start":{"line":25,"column":6},"end":{"line":28,"column":9}},"10":{"start":{"line":31,"column":4},"end":{"line":34,"column":7}},"11":{"start":{"line":38,"column":21},"end":{"line":38,"column":63}},"12":{"start":{"line":39,"column":4},"end":{"line":41,"column":5}},"13":{"start":{"line":40,"column":6},"end":{"line":40,"column":66}},"14":{"start":{"line":42,"column":4},"end":{"line":42,"column":20}},"15":{"start":{"line":50,"column":29},"end":{"line":50,"column":55}},"16":{"start":{"line":51,"column":4},"end":{"line":53,"column":5}},"17":{"start":{"line":52,"column":6},"end":{"line":52,"column":60}},"18":{"start":{"line":55,"column":18},"end":{"line":57,"column":null}},"19":{"start":{"line":59,"column":4},"end":{"line":61,"column":5}},"20":{"start":{"line":60,"column":6},"end":{"line":60,"column":74}},"21":{"start":{"line":63,"column":35},"end":{"line":63,"column":38}},"22":{"start":{"line":64,"column":4},"end":{"line":64,"column":49}},"23":{"start":{"line":17,"column":13},"end":{"line":17,"column":28}},"24":{"start":{"line":17,"column":13},"end":{"line":66,"column":null}}},"fnMap":{"0":{"name":"(anonymous_2)","decl":{"start":{"line":18,"column":2},"end":{"line":18,"column":31}},"loc":{"start":{"line":18,"column":69},"end":{"line":18,"column":73}}},"1":{"name":"(anonymous_3)","decl":{"start":{"line":20,"column":2},"end":{"line":20,"column":9}},"loc":{"start":{"line":20,"column":38},"end":{"line":35,"column":3}}},"2":{"name":"(anonymous_4)","decl":{"start":{"line":37,"column":2},"end":{"line":37,"column":7}},"loc":{"start":{"line":37,"column":27},"end":{"line":43,"column":3}}},"3":{"name":"(anonymous_5)","decl":{"start":{"line":49,"column":2},"end":{"line":49,"column":7}},"loc":{"start":{"line":49,"column":46},"end":{"line":65,"column":3}}}},"branchMap":{"0":{"loc":{"start":{"line":21,"column":18},"end":{"line":21,"column":35}},"type":"binary-expr","locations":[{"start":{"line":21,"column":18},"end":{"line":21,"column":29}},{"start":{"line":21,"column":33},"end":{"line":21,"column":35}}]},"1":{"loc":{"start":{"line":24,"column":4},"end":{"line":29,"column":5}},"type":"if","locations":[{"start":{"line":24,"column":4},"end":{"line":29,"column":5}},{"start":{},"end":{}}]},"2":{"loc":{"start":{"line":39,"column":4},"end":{"line":41,"column":5}},"type":"if","locations":[{"start":{"line":39,"column":4},"end":{"line":41,"column":5}},{"start":{},"end":{}}]},"3":{"loc":{"start":{"line":51,"column":4},"end":{"line":53,"column":5}},"type":"if","locations":[{"start":{"line":51,"column":4},"end":{"line":53,"column":5}},{"start":{},"end":{}}]},"4":{"loc":{"start":{"line":59,"column":4},"end":{"line":61,"column":5}},"type":"if","locations":[{"start":{"line":59,"c
[...]
9,"column":2},"end":{"line":69,"column":40}},"23":{"start":{"line":69,"column":13},"end":{"line":69,"column":40}},"24":{"start":{"line":70,"column":14},"end":{"line":70,"column":53}},"25":{"start":{"line":71,"column":2},"end":{"line":71,"column":39}},"26":{"start":{"line":71,"column":12},"end":{"line":71,"column":39}},"27":{"start":{"line":72,"column":2},"end":{"line":72,"column":46}},"28":{"start":{"line":76,"column":14},"end":{"line":76,"column":38}},"29":{"start":{"line":77,"column":2},"end":{"line":77,"column":32}},"30":{"start":{"line":77,"column":20},"end":{"line":77,"column":32}},"31":{"start":{"line":78,"column":15},"end":{"line":78,"column":38}},"32":{"start":{"line":79,"column":2},"end":{"line":79,"column":35}},"33":{"start":{"line":83,"column":2},"end":{"line":83,"column":46}},"34":{"start":{"line":83,"column":33},"end":{"line":83,"column":46}},"35":{"start":{"line":84,"column":2},"end":{"line":87,"column":3}},"36":{"start":{"line":85,"column":19},"end":{"line":85,"column":50}},"37":{"start":{"line":86,"column":4},"end":{"line":86,"column":51}},"38":{"start":{"line":88,"column":2},"end":{"line":88,"column":14}},"39":{"start":{"line":92,"column":2},"end":{"line":92,"column":34}},"40":{"start":{"line":100,"column":2},"end":{"line":104,"column":29}},"41":{"start":{"line":108,"column":12},"end":{"line":108,"column":46}},"42":{"start":{"line":109,"column":2},"end":{"line":109,"column":67}},"43":{"start":{"line":113,"column":16},"end":{"line":113,"column":52}},"44":{"start":{"line":114,"column":2},"end":{"line":116,"column":3}},"45":{"start":{"line":115,"column":4},"end":{"line":115,"column":65}},"46":{"start":{"line":118,"column":24},"end":{"line":118,"column":49}},"47":{"start":{"line":119,"column":42},"end":{"line":119,"column":44}},"48":{"start":{"line":121,"column":2},"end":{"line":132,"column":5}},"49":{"start":{"line":122,"column":4},"end":{"line":122,"column":30}},"50":{"start":{"line":122,"column":23},"end":{"line":122,"column":30}},"51":{"start":{"line":123,"column":19},"end":{"line":123,"column":49}},"52":{"start":{"line":124,"column":4},"end":{"line":124,"column":24}},"53":{"start":{"line":124,"column":17},"end":{"line":124,"column":24}},"54":{"start":{"line":126,"column":17},"end":{"line":126,"column":38}},"55":{"start":{"line":127,"column":26},"end":{"line":127,"column":56}},"56":{"start":{"line":128,"column":4},"end":{"line":128,"column":49}},"57":{"start":{"line":129,"column":4},"end":{"line":129,"column":69}},"58":{"start":{"line":129,"column":27},"end":{"line":129,"column":69}},"59":{"start":{"line":131,"column":4},"end":{"line":131,"column":76}},"60":{"start":{"line":134,"column":2},"end":{"line":134,"column":19}},"61":{"start":{"line":151,"column":4},"end":{"line":152,"column":34}},"62":{"start":{"line":153,"column":30},"end":{"line":153,"column":32}},"63":{"start":{"line":155,"column":2},"end":{"line":167,"column":5}},"64":{"start":{"line":156,"column":4},"end":{"line":156,"column":30}},"65":{"start":{"line":156,"column":23},"end":{"line":156,"column":30}},"66":{"start":{"line":157,"column":19},"end":{"line":157,"column":49}},"67":{"start":{"line":158,"column":4},"end":{"line":158,"column":46}},"68":{"start":{"line":158,"column":39},"end":{"line":158,"column":46}},"69":{"start":{"line":160,"column":4},"end":{"line":166,"column":7}},"70":{"start":{"line":169,"column":2},"end":{"line":169,"column":14}},"71":{"start":{"line":177,"column":2},"end":{"line":177,"column":34}},"72":{"start":{"line":181,"column":16},"end":{"line":181,"column":23}},"73":{"start":{"line":182,"column":14},"end":{"line":182,"column":50}},"74":{"start":{"line":182,"column":31},"end":{"line":182,"column":36}},"75":{"start":{"line":184,"column":20},"end":{"line":184,"column":35}},"76":{"start":{"line":185,"column":20},"end":{"line":185,"column":68}},"77":{"start":{"line":185,"column":37},"end":{"line":185,"column":48}},"78":{"start":{"line":186,"column":22},"end":{"line":186,"column":64}},"79":{"start":{"line":186,"column":39},"end":{"line":186,"column":63}},"80":{"start":{"line":189,"column":21},"end":{"line":192,"column":35}},"81":{"start":{"line":190,"column":16},"end":{"line":190,"column":20}},"82":{"start":{"line":191,"column":34},"end":{"line":191,"column":45}},"83":{"start":{"line":192,"column":18},"end":{"line":192,"column":33}},"84":{"start":{"line":194,"column":4},"end":{"line":196,"column":12}},"85":{"start":{"line":195,"column":38},"end":{"line":195,"column":45}},"86":{"start":{"line":198,"column":2},"end":{"line":206,"column":4}},"87":{"start":{"line":210,"column":17},"end":{"line":210,"column":49}},"88":{"start":{"line":212,"column":2},"end":{"line":220,"column":3}},"89":{"start":{"line":213,"column":4},"end":{"line":213,"column":67}},"90":{"start":{"line":213,"column":58},"end":{"line":213,"column":67}},"91":{"start":{"line":214,"column":4},"end":{"line":219,"column":5}},"92":{"start":{"line":215,"column":18},"end":{"line":215,"column":31}},"93":{"start":{"line":216,"column":23},"end":{"line":216,"column":38}},"94":{"start":{"line":217,"column":6},"end":{"line":218,"column":34}},"95":{"start":{"line":217,"column":20},"end":{"line":217,"column":39}},"96":{"start":{"line":218,"column":11},"end":{"line":218,"column":34}},"97":{"start":{"line":222,"column":20},"end":{"line":222,"column":57}},"98":{"start":{"line":223,"column":2},"end":{"line":223,"column":43}},"99":{"start":{"line":234,"column":21},"end":{"line":234,"column":38}},"100":{"start":{"line":235,"column":2},"end":{"line":245,"column":5}},"101":{"start":{"line":236,"column":4},"end":{"line":236,"column":39}},"102":{"start":{"line":236,"column":23},"end":{"line":236,"column":39}},"103":{"start":{"line":237,"column":4},"end":{"line":242,"column":5}},"104":{"start":{"line":238,"column":6},"end":{"line":240,"column":8}},"105":{"start":{"line":241,"column":6},"end":{"line":241,"column":40}},"106":{"start":{"line":243,"column":4},"end":{"line":243,"column":33}},"107":{"start":{"line":244,"column":4},"end":{"line":244,"column":20}},"108":{"start":{"line":253,"column":2},"end":{"line":253,"column":37}},"109":{"start":{"line":254,"column":19},"end":{"line":254,"column":41}},"110":{"start":{"line":255,"column":2},"end":{"line":255,"column":42}},"111":{"start":{"line":257,"column":20},"end":{"line":257,"column":44}},"112":{"start":{"line":258,"column":20},"end":{"line":258,"column":44}},"113":{"start":{"line":259,"column":2},"end":{"line":261,"column":4}},"114":{"start":{"line":268,"column":17},"end":{"line":268,"column":36}},"115":{"start":{"line":269,"column":28},"end":{"line":269,"column":57}},"116":{"start":{"line":270,"column":29},"end":{"line":270,"column":59}},"117":{"start":{"line":272,"column":2},"end":{"line":293,"column":3}},"118":{"start":{"line":273,"column":30},"end":{"line":273,"column":75}},"119":{"start":{"line":274,"column":4},"end":{"line":274,"column":61}},"120":{"start":{"line":276,"column":30},"end":{"line":276,"column":76}},"121":{"start":{"line":277,"column":4},"end":{"line":277,"column":61}},"122":{"start":{"line":279,"column":62},"end":{"line":284,"column":null}},"123":{"start":{"line":287,"column":4},"end":{"line":287,"column":54}},"124":{"start":{"line":288,"column":4},"end":{"line":288,"column":59}},"125":{"start":{"line":289,"column":4},"end":{"line":289,"column":59}},"126":{"start":{"line":290,"column":4},"end":{"line":290,"column":72}},"127":{"start":{"line":292,"column":4},"end":{"line":292,"column":31}},"128":{"start":{"line":296,"column":0},"end":{"line":299,"column":3}},"129":{"start":{"line":297,"column":2},"end":{"line":297,"column":20}},"130":{"start":{"line":298,"column":2},"end":{"line":298,"column":23}}},"fnMap":{"0":{"name":"normalizeSheetName","decl":{"start":{"line":55,"column":9},"end":{"line":55,"column":27}},"loc":{"start":{"line":55,"column":40},"end":{"line":57,"column":1}}},"1":{"name":"primitiveToString","decl":{"start":{"line":60,"column":9},"end":{"line":60,"column":26}},"loc":{"start":{"line":60,"column":41},"end":{"line":65,"column":1}}},"2":{"name":"normalizeUnidad","decl":{"start":{"line":67,"column":9},"end":{"line":67,"column":24}},"loc":{"start":{"line":67,"column":37},"end":{"line":73,"column":1}}},"3":{"name":"cellText","decl":{"start":{"line":75,"column":9},"end":{"line":75,"column":17}},"loc":{"start":{"line":75,"column":42},"end":{"line":80,"column":1}}},"4":{"name":"cellNumber","decl":{"start":{"line":82,"column":9},"end":{"line":82,"column":19}},"loc":{"start":{"line":82,"column":44},"end":{"line":89,"column":1}}},"5":{"name":"isTotalRow","decl":{"start":{"line":91,"column":9},"end":{"line":91,"column":19}},"loc":{"start":{"line":91,"column":34},"end":{"line":93,"column":1}}},"6":{"name":"slugifyCodigo","decl":{"start":{"line":99,"column":9},"end":{"line":99,"column":22}},"loc":{"start":{"line":99,"column":37},"end":{"line":105,"column":1}}},"7":{"name":"deriveUnidadNegocio","decl":{"start":{"line":107,"column":9},"end":{"line":107,"column":28}},"loc":{"start":{"line":107,"column":43},"end":{"line":110,"column":1}}},"8":{"name":"parseAlmacenes","decl":{"start":{"line":112,"column":9},"end":{"line":112,"column":23}},"loc":{"start":{"line":112,"column":50},"end":{"line":135,"column":1}}},"9":{"name":"(anonymous_10)","decl":{"start":{"line":121,"column":16},"end":{"line":121,"column":17}},"loc":{"start":{"line":121,"column":35},"end":{"line":132,"column":3}}},"10":{"name":"parseStockSheet","decl":{"start":{"line":149,"column":9},"end":{"line":149,"column":24}},"loc":{"start":{"line":149,"column":49},"end":{"line":170,"column":1}}},"11":{"name":"(anonymous_12)","decl":{"start":{"line":155,"column":16},"end":{"line":155,"column":17}},"loc":{"start":{"line":155,"column":35},"end":{"line":167,"column":3}}},"12":{"name":"groupKey","decl":{"start":{"line":172,"column":9},"end":{"line":172,"column":17}},"loc":{"start":{"line":172,"column":34},"end":{"line":178,"column":1}}},"13":{"name":"reduceGroup","decl":{"start":{"line":180,"column":9},"end":{"line":180,"column":20}},"loc":{"start":{"line":180,"column":40},"end":{"line":207,"column":1}}},"14":{"name":"(anonymous_15)","decl":{"start":{"line":182,"column":24},"end":{"line":182,"column":25}},"loc":{"start":{"line":182,"column":31},"end":{"line":182,"column":36}}},"15":{"name":"(anonymous_16)","decl":{"start":{"line":185,"column":30},"end":{"line":185,"column":31}},"loc":{"start":{"line":185,"column":37},"end":{"line":185,"column":48}}},"16":{"name":"(anonymous_17)","decl":{"start":{"line":186,"column":32},"end":{"line":186,"column":33}},"loc":{"start":{"line":186,"column":39},"end":{"line":186,"column":63}}},"17":{"name":"(anonymous_18)","decl":{"start":{"line":190,"column":9},"end":{"line":190,"column":10}},"loc":{"start":{"line":190,"column":16},"end":{"line":190,"column":20}}},"18":{"name":"(anonymous_19)","decl":{"start":{"line":191,"column":12},"end":{"line":191,"column":13}},"loc":{"start":{"line":191,"column":34},"end":{"line":191,"column":45}}},"19":{"name":"(anonymous_20)","decl":{"start":{"line":192,"column":9},"end":{"line":192,"column":10}},"loc":{"start":{"line":192,"column":18},"end":{"line":192,"column":33}}},"20":{"name":"(anonymous_21)","decl":{"start":{"line":195,"column":26},"end":{"line":195,"column":27}},"loc":{"start":{"line":195,"column":38},"end":{"line":195,"column":45}}},"21":{"name":"parseArticulos","decl":{"start":{"line":209,"column":9},"end":{"line":209,"column":23}},"loc":{"start":{"line":209,"column":50},"end":{"line":224,"column":1}}},"22":{"name":"dedupeSkusAcrossGroups","decl":{"start":{"line":231,"column":9},"end":{"line":231,"column":31}},"loc":{"start":{"line":232,"column":34},"end":{"line":246,"column":1}}},"23":{"name":"(anonymous_24)","decl":{"start":{"line":235,"column":23},"end":{"line":235,"column":24}},"loc":{"start":{"line":235,"column":36},"end":{"line":245,"column":3}}},"24":{"name":"main","decl":{"start":{"line":252,"column":15},"end":{"line":252,"column":19}},"loc":{"start":{"line":252,"column":19},"end":{"line":294,"column":1}}},"25":{"name":"(anonymous_26)","decl":{"start":{"line":296,"column":13},"end":{"line":296,"column":14}},"loc":{"start":{"line":296,"column":21},"end":{"line":299,"column":1}}}},"branchMap":{"0":{"loc":{"start":{"line":61,"column":2},"end":{"line":61,"column":46}},"type":"if","locations":[{"start":{"line":61,"column":2},"end":{"line":61,"column":46}},{"start":{},"end":{}}]},"1":{"loc":{"start":{"line":62,"column":2},"end":{"line":63,"column":25}},"type":"if","locations":[{"start":{"line":62,"column":2},"end":{"line":63,"column":25}},{"start":{},"end":{}}]},"2":{"loc":{"start":{"line":62,"column":6},"end":{"line":62,"column":61}},"type":"binary-expr","locations":[{"start":{"line":62,"column":6},"end":{"line":62,"column":31}},{"start":{"line":62,"column":35},"end":{"line":62,"column":61}}]},"3":{"loc":{"start":{"line":69,"column":2},"end":{"line":69,"column":40}},"type":"if","locations":[{"start":{"line":69,"column":2},"end":{"line":69,"column":40}},{"start":{},"end":{}}]},"4":{"loc":{"start":{"line":71,"column":2},"end":{"line":71,"column":39}},"type":"if","locations":[{"start":{"line":71,"column":2},"end":{"line":71,"column":39}},{"start":{},"end":{}}]},"5":{"loc":{"start":{"line":72,"column":9},"end":{"line":72,"column":45}},"type":"binary-expr","locations":[{"start":{"line":72,"column":9},"end":{"line":72,"column":22}},{"start":{"line":72,"column":26},"end":{"line":72,"column":45}}]},"6":{"loc":{"start":{"line":77,"column":2},"end":{"line":77,"column":32}},"type":"if","locations":[{"start":{"line":77,"column":2},"end":{"line":77,"column":32}},{"start":{},"end":{}}]},"7":{"loc":{"start":{"line":79,"column":9},"end":{"line":79,"column":34}},"type":"cond-expr","locations":[{"start":{"line":79,"column":23},"end":{"line":79,"column":27}},{"start":{"line":79,"column":30},"end":{"line":79,"column":34}}]},"8":{"loc":{"start":{"line":83,"column":2},"end":{"line":83,"column":46}},"type":"if","locations":[{"start":{"line":83,"column":2},"end":{"line":83,"column":46}},{"start":{},"end":{}}]},"9":{"loc":{"start":{"line":84,"column":2},"end":{"line":87,"column":3}},"type":"if","locations":[{"start":{"line":84,"column":2},"end":{"line":87,"column":3}},{"start":{},"end":{}}]},"10":{"loc":{"start":{"line":84,"column":6},"end":{"line":84,"column":54}},"type":"binary-expr","locations":[{"start":{"line":84,"column":6},"end":{"line":84,"column":31}},{"start":{"line":84,"column":35},"end":{"line":84,"column":54}}]},"11":{"loc":{"start":{"line":86,"column":11},"end":{"line":86,"column":50}},"type":"cond-expr","locations":[{"start":{"line":86,"column":37},"end":{"line":86,"column":43}},{"start":{"line":86,"column":46},"end":{"line":86,"column":50}}]},"12":{"loc":{"start":{"line":109,"column":9},"end":{"line":109,"column":66}},"type":"cond-expr","locations":[{"start":{"line":109,"column":43},"end":{"line":109,"column":52}},{"start":{"line":109,"column":55},"end":{"line":109,"column":66}}]},"13":{"loc":{"start":{"line":114,"column":2},"end":{"line":116,"column":3}},"type":"if","locations":[{"start":{"line":114,"column":2},"end":{"line":116,"column":3}},{"start":{},"end":{}}]},"14":{"loc":{"start":{"line":122,"column":4},"end":{"line":122,"column":30}},"type":"if","locations":[{"start":{"line":122,"column":4},"end":{"line":122,"column":30}},{"start":{},"end":{}}]},"15":{"loc":{"start":{"line":124,"column":4},"end":{"line":124,"column":24}},"type":"if","locations":[{"start":{"line":124,"column":4},"end":{"line":124,"column":24}},{"start":{},"end":{}}]},"16":{"loc":{"start":{"line":127,"column":26},"end":{"line":127,"column":56}},"type":"binary-expr","locations":[{"start":{"line":127,"column":26},"end":{"line":127,"column":51}},{"start":{"line":127,"column":55},"end":{"line":127,"column":56}}]},"17":{"loc":{"start":{"line":129,"column":4},"end":{"line":129,"column":69}},"type":"if","locations":[{"start":{"line":129,"column":4},"end":{"line":129,"column":69}},{"start":{},"end":{}}]},"18":{"loc":{"start":{"line":151,"column":4},"end":{"line":152,"column":34}},"type":"binary-expr","locations":[{"start":{"line":151,"column":4},"end":{"line":151,"column":54}},{"start":{"line":152,"column":4},"end":{"line":152,"column":34}}]},"19":{"loc":{"start":{"line":156,"column":4},"end":{"line":156,"column":30}},"type":"if","locations":[{"start":{"line":156,"column":4},"end":{"line":156,"column":30}},{"start":{},"end":{}}]},"20":{"loc":{"start":{"line":158,"column":4},"end":{"line":158,"column":46}},"type":"if","locations":[{"start":{"line":158,"column":4},"end":{"line":158,"column":46}},{"start":{},"end":{}}]},"21":{"loc":{"start":{"line":158,"column":8},"end":{"line":158,"column":37}},"type":"binary-expr","locations":[{"start":{"line":158,"column":8},"end":{"line":158,"column":15}},{"start":{"line":158,"column":19},"end":{"line":158,"column":37}}]},"22":{"loc":{"start":{"line":182,"column":14},"end":{"line":182,"column":50}},"type":"binary-expr","locations":[{"start":{"line":182,"column":14},"end":{"line":182,"column":42}},{"start":{"line":182,"column":46},"end":{"line":182,"column":50}}]},"23":{"loc":{"start":{"line":185,"column":20},"end":{"line":185,"column":68}},"type":"binary-expr","locations":[{"start":{"line":185,"column":20},"end":{"line":185,"column":60}},{"start":{"line":185,"column":64},"end":{"line":185,"column":68}}]},"24":{"loc":{"start":{"line":192,"column":18},"end":{"line":192,"column":33}},"type":"cond-expr","locations":[{"start":{"line":192,"column":27},"end":{"line":192,"column":28}},{"start":{"line":192,"column":31},"end":{"line":192,"column":33}}]},"25":{"loc":{"start":{"line":194,"column":4},"end":{"line":196,"column":12}},"type":"cond-expr","locations":[{"start":{"line":195,"column":8},"end":{"line":195,"column":69}},{"start":{"line":196,"column":8},"end":{"line":196,"column":12}}]},"26":{"loc":{"start":{"line":213,"column":4},"end":{"line":213,"column":67}},"type":"if","locations":[{"start":{"line":213,"column":4},"end":{"line":213,"column":67}},{"start":{},"end":{}}]},"27":{"loc":{"start":{"line":217,"column":6},"end":{"line":218,"column":34}},"type":"if","locations":[{"start":{"line":217,"column":6},"end":{"line":218,"column":34}},{"start":{"line":218,"column":11},"end":{"line":218,"column":34}}]},"28":{"loc":{"start":{"line":236,"column":4},"end":{"line":236,"column":39}},"type":"if","locations":[{"start":{"line":236,"column":4},"end":{"line":236,"column":39}},{"start":{},"end":{}}]},"29":{"loc":{"start":{"line":237,"column":4},"end":{"line":242,"column":5}},"type":"if","locations":[{"start":{"line":237,"column":4},"end":{"line":242,"column":5}},{"start":{},"end":{}}]}},"s":{"0":0,"1":0,"2":0,"3":0,"4":0,"5":0,"6":0,"7":0,"8":0,"9":0,"10":0,"11":0,"12":0,"13":0,"14":0,"15":0,"16":0,"17":0,"18":0,"19":0,"20":0,"21":0,"22":0,"23":0,"24":0,"25":0,"26":0,"27":0,"28":0,"29":0,"30":0,"31":0,"32":0,"33":0,"34":0,"35":0,"36":0,"37":0,"38":0,"39":0,"40":0,"41":0,"42":0,"43":0,"44":0,"45":0,"46":0,"47":0,"48":0,"49":0,"50":0,"51":0,"52":0,"53":0,"54":0,"55":0,"56":0,"57":0,"58":0,"59":0,"60":0,"61":0,"62":0,"63":0,"64":0,"65":0,"66":0,"67":0,"68":0,"69":0,"70":0,"71":0,"72":0,"73":0,"74":0,"75":0,"76":0,"77":0,"78":0,"79":0,"80":0,"81":0,"82":0,"83":0,"84":0,"85":0,"86":0,"87":0,"88":0,"89":0,"90":0,"91":0,"92":0,"93":0,"94":0,"95":0,"96":0,"97":0,"98":0,"99":0,"100":0,"101":0,"102":0,"103":0,"104":0,"105":0,"106":0,"107":0,"108":0,"109":0,"110":0,"111":0,"112":0,"113":0,"114":0,"115":0,"116":0,"117":0,"118":0,"119":0,"120":0,"121":0,"122":0,"123":0,"124":0,"125":0,"126":0,"127":0,"128":0,"129":0,"130":0},"f":{"0":0,"1":0,"2":0,"3":0,"4":0,"5":0,"6":0,"7":0,"8":0,"9":0,"10":0,"11":0,"12":0,"13":0,"14":0,"15":0,"16":0,"17":0,"18":0,"19":0,"20":0,"21":0,"22":0,"23":0,"24":0,"25":0},"b":{"0":[0,0],"1":[0,0],"2":[0,0],"3":[0,0],"4":[0,0],"5":[0,0],"6":[0,0],"7":[0,0],"8":[0,0],"9":[0,0],"10":[0,0],"11":[0,0],"12":[0,0],"13":[0,0],"14":[0,0],"15":[0,0],"16":[0,0],"17":[0,0],"18":[0,0],"19":[0,0],"20":[0,0],"21":[0,0],"22":[0,0],"23":[0,0],"24":[0,0],"25":[0,0],"26":[0,0],"27":[0,0],"28":[0,0],"29":[0,0]}}
}
