TN:
SF:src/app.module.ts
FNF:0
FNH:0
DA:1,0
DA:2,0
DA:3,0
DA:4,0
DA:5,0
DA:6,0
DA:7,0
DA:8,0
DA:9,0
DA:10,0
DA:11,0
DA:12,0
DA:13,0
DA:14,0
DA:42,0
LF:15
LH:0
BRF:0
BRH:0
end_of_record
TN:
SF:src/main.ts
FN:9,verificarEnvRequerido
FN:10,(anonymous_1)
FN:18,bootstrap
FNF:3
FNH:0
FNDA:0,verificarEnvRequerido
FNDA:0,(anonymous_1)
FNDA:0,bootstrap
DA:1,0
DA:2,0
DA:3,0
DA:4,0
DA:5,0
DA:7,0
DA:10,0
DA:11,0
DA:12,0
DA:19,0
DA:20,0
DA:21,0
DA:22,0
DA:26,0
DA:27,0
DA:28,0
DA:30,0
LF:17
LH:0
BRDA:11,0,0,0
BRDA:11,0,1,0
BRDA:28,1,0,0
BRDA:28,1,1,0
BRF:4
BRH:0
end_of_record
TN:
SF:src/common/filters/all-exceptions.filter.ts
FN:34,(anonymous_1)
FNF:1
FNH:1
FNDA:5,(anonymous_1)
DA:1,1
DA:10,1
DA:17,1
DA:31,1
DA:32,5
DA:35,5
DA:36,5
DA:38,5
DA:39,1
DA:40,1
DA:43,4
DA:45,3
DA:47,3
DA:51,3
DA:58,3
DA:64,1
DA:68,1
LF:17
LH:17
BRDA:38,0,0,1
BRDA:38,0,1,4
BRDA:43,1,0,3
BRDA:43,1,1,1
BRDA:45,2,0,3
BRDA:45,2,1,1
BRDA:54,3,0,1
BRDA:54,3,1,2
BRDA:65,4,0,1
BRDA:65,4,1,0
BRDA:66,5,0,1
BRDA:66,5,1,0
BRF:12
BRH:10
end_of_record
TN:
SF:src/common/utils/text.util.ts
FN:4,stripAccents
FN:9,collapseWhitespace
FNF:2
FNH:2
FNDA:45,stripAccents
FNDA:45,collapseWhitespace
DA:1,4
DA:4,4
DA:5,45
DA:9,4
DA:10,45
LF:5
LH:5
BRF:0
BRH:0
end_of_record
TN:
SF:src/common/utils/unit-conversion.util.ts
FN:14,factorConversion
FN:22,round2
FNF:2
FNH:2
FNDA:4,factorConversion
FNDA:3,round2
DA:6,2
DA:14,2
DA:18,4
DA:19,4
DA:22,2
DA:23,3
LF:6
LH:6
BRDA:18,0,0,0
BRDA:18,0,1,4
BRF:2
BRH:1
end_of_record
TN:
SF:src/generated/prisma/browser.ts
FNF:0
FNH:0
DA:15,0
DA:16,0
DA:17,0
DA:18,0
LF:4
LH:0
BRF:0
BRH:0
end_of_record
TN:
SF:src/generated/prisma/client.ts
FNF:0
FNH:0
DA:17,7
DA:18,7
DA:20,7
DA:21,7
DA:37,7
DA:39,7
LF:6
LH:6
BRF:0
BRH:0
end_of_record
TN:
SF:src/generated/prisma/enums.ts
FNF:0
FNH:0
DA:11,7
DA:25,7
DA:35,7
DA:45,7
LF:4
LH:4
BRF:0
BRH:0
end_of_record
TN:
SF:src/generated/prisma/internal/class.ts
FN:40,decodeBase64AsWasm
FN:47,(anonymous_10)
FN:49,(anonymous_11)
FN:251,getPrismaClientClass
FNF:4
FNH:1
FNDA:0,decodeBase64AsWasm
FNDA:0,(anonymous_10)
FNDA:0,(anonymous_11)
FNDA:7,getPrismaClientClass
DA:13,7
DA:17,7
DA:34,7
DA:35,7
DA:41,0
DA:42,0
DA:43,0
DA:46,7
DA:47,0
DA:50,0
DA:51,0
DA:251,7
DA:252,7
LF:13
LH:7
BRF:0
BRH:0
end_of_record
TN:
SF:src/generated/prisma/internal/prismaNamespace.ts
FNF:0
FNH:0
DA:17,7
DA:31,7
DA:34,7
DA:37,7
DA:40,7
DA:43,7
DA:49,7
DA:50,7
DA:51,7
DA:52,7
DA:53,7
DA:61,7
DA:70,7
DA:85,7
DA:103,7
DA:113,7
DA:120,7
DA:127,7
DA:398,7
DA:897,7
DA:907,7
DA:921,7
DA:933,7
DA:949,7
DA:964,7
DA:979,7
DA:992,7
DA:1000,7
DA:1008,7
DA:1147,7
LF:30
LH:30
BRF:0
BRH:0
end_of_record
TN:
SF:src/generated/prisma/internal/prismaNamespaceBrowser.ts
FNF:0
FNH:0
DA:17,0
DA:22,0
DA:25,0
DA:35,0
DA:42,0
DA:49,0
DA:52,0
DA:67,0
DA:77,0
DA:91,0
DA:103,0
DA:119,0
DA:134,0
DA:149,0
DA:162,0
DA:170,0
DA:178,0
LF:17
LH:0
BRF:0
BRH:0
end_of_record
TN:
SF:src/modules/ai-engine/ai-engine.module.ts
FNF:0
FNH:0
DA:1,0
DA:2,0
DA:8,0
LF:3
LH:0
BRF:0
BRH:0
end_of_record
TN:
SF:src/modules/ai-engine/ai-engine.service.ts
FN:50,(anonymous_1)
FN:56,(anonymous_2)
FN:61,(anonymous_3)
FN:88,(anonymous_4)
FN:132,(anonymous_5)
FN:188,(anonymous_6)
FN:191,(anonymous_7)
FN:215,(anonymous_8)
FN:216,(anonymous_9)
FNF:9
FNH:0
FNDA:0,(anonymous_1)
FNDA:0,(anonymous_2)
FNDA:0,(anonymous_3)
FNDA:0,(anonymous_4)
FNDA:0,(anonymous_5)
FNDA:0,(anonymous_6)
FNDA:0,(anonymous_7)
FNDA:0,(anonymous_8)
FNDA:0,(anonymous_9)
DA:1,1
DA:2,1
DA:3,1
DA:12,1
DA:29,1
DA:42,1
DA:43,0
DA:44,0
DA:45,0
DA:47,0
DA:50,0
DA:51,0
DA:52,0
DA:56,0
DA:57,0
DA:58,0
DA:64,0
DA:65,0
DA:66,0
DA:67,0
DA:69,0
DA:77,0
DA:91,0
DA:93,0
DA:94,0
DA:96,0
DA:97,0
DA:98,0
DA:101,0
DA:104,0
DA:105,0
DA:107,0
DA:110,0
DA:111,0
DA:113,0
DA:115,0
DA:118,0
DA:121,0
DA:122,0
DA:129,0
DA:133,0
DA:134,0
DA:171,0
DA:172,0
DA:177,0
DA:178,0
DA:179,0
DA:180,0
DA:183,0
DA:184,0
DA:185,0
DA:188,0
DA:192,0
DA:194,0
DA:197,0
DA:199,0
DA:202,0
DA:208,0
DA:216,0
LF:59
LH:6
BRDA:45,0,0,0
BRDA:45,0,1,0
BRDA:47,1,0,0
BRDA:47,1,1,0
BRDA:51,2,0,0
BRDA:51,2,1,0
BRDA:52,3,0,0
BRDA:52,3,1,0
BRDA:52,4,0,0
BRDA:52,4,1,0
BRDA:57,5,0,0
BRDA:57,5,1,0
BRDA:58,6,0,0
BRDA:58,6,1,0
BRDA:58,7,0,0
BRDA:58,7,1,0
BRDA:64,8,0,0
BRDA:64,8,1,0
BRDA:71,9,0,0
BRDA:71,9,1,0
BRDA:94,10,0,0
BRDA:94,10,1,0
BRDA:107,11,0,0
BRDA:107,11,1,0
BRDA:111,12,0,0
BRDA:111,12,1,0
BRDA:113,13,0,0
BRDA:113,13,1,0
BRDA:113,14,0,0
BRDA:113,14,1,0
BRDA:121,15,0,0
BRDA:121,15,1,0
BRDA:129,16,0,0
BRDA:129,16,1,0
BRDA:171,17,0,0
BRDA:171,17,1,0
BRDA:179,18,0,0
BRDA:179,18,1,0
BRDA:184,19,0,0
BRDA:184,19,1,0
BRDA:194,20,0,0
BRDA:194,20,1,0
BRDA:199,21,0,0
BRDA:199,21,1,0
BRDA:202,22,0,0
BRDA:202,22,1,0
BRDA:210,23,0,0
BRDA:210,23,1,0
BRF:48
BRH:0
end_of_record
TN:
SF:src/modules/ai-engine/voice-parser.util.ts
FN:105,parseUpTo999
FN:144,parseNumberAt
FN:220,tokenize
FN:234,parseVoiceItemsLocally
FNF:4
FNH:4
FNDA:118,parseUpTo999
FNDA:68,parseNumberAt
FNDA:27,tokenize
FNDA:27,parseVoiceItemsLocally
DA:1,2
DA:2,2
DA:10,2
DA:24,2
DA:37,2
DA:51,2
DA:61,2
DA:74,2
DA:97,2
DA:106,118
DA:107,118
DA:109,118
DA:110,7
DA:111,7
DA:112,7
DA:113,7
DA:114,2
DA:115,2
DA:117,7
DA:120,111
DA:121,6
DA:122,6
DA:123,6
DA:124,2
DA:125,2
DA:127,6
DA:130,105
DA:131,4
DA:133,101
DA:134,10
DA:136,91
DA:137,11
DA:140,80
DA:145,68
DA:146,68
DA:149,68
DA:150,1
DA:152,67
DA:153,0
DA:155,67
DA:156,0
DA:159,67
DA:160,11
DA:161,11
DA:162,11
DA:166,0
DA:167,0
DA:168,11
DA:169,0
DA:170,0
DA:172,11
DA:176,56
DA:177,56
DA:178,1
DA:180,55
DA:181,55
DA:182,1
DA:185,56
DA:186,2
DA:187,2
DA:188,2
DA:189,2
DA:190,1
DA:191,1
DA:193,2
DA:196,54
DA:197,54
DA:198,17
DA:199,17
DA:200,17
DA:205,0
DA:206,0
DA:207,17
DA:211,0
DA:212,0
DA:214,17
DA:217,37
DA:221,27
DA:227,27
DA:234,2
DA:235,27
DA:236,27
DA:237,27
DA:239,27
DA:240,32
DA:241,32
DA:242,4
DA:243,4
DA:246,28
DA:247,28
DA:248,28
DA:249,28
DA:251,28
DA:252,25
DA:254,25
DA:255,1
DA:258,25
DA:262,1
DA:263,1
DA:264,24
DA:265,0
DA:266,0
DA:270,28
DA:272,28
DA:273,28
DA:275,36
DA:276,36
DA:277,33
DA:278,33
DA:281,28
DA:282,27
DA:289,28
DA:292,27
LF:113
LH:101
BRDA:107,0,0,0
BRDA:107,0,1,118
BRDA:109,1,0,7
BRDA:109,1,1,111
BRDA:113,2,0,2
BRDA:113,2,1,5
BRDA:113,3,0,7
BRDA:113,3,1,2
BRDA:120,4,0,6
BRDA:120,4,1,105
BRDA:123,5,0,2
BRDA:123,5,1,4
BRDA:123,6,0,6
BRDA:123,6,1,2
BRDA:130,7,0,4
BRDA:130,7,1,101
BRDA:133,8,0,10
BRDA:133,8,1,91
BRDA:136,9,0,11
BRDA:136,9,1,80
BRDA:146,10,0,0
BRDA:146,10,1,68
BRDA:149,11,0,1
BRDA:149,11,1,67
BRDA:149,12,0,68
BRDA:149,12,1,67
BRDA:152,13,0,0
BRDA:152,13,1,67
BRDA:152,14,0,67
BRDA:152,14,1,0
BRDA:155,15,0,0
BRDA:155,15,1,67
BRDA:155,16,0,67
BRDA:155,16,1,1
BRDA:159,17,0,11
BRDA:159,17,1,56
BRDA:162,18,0,0
BRDA:162,18,1,11
BRDA:163,19,0,11
BRDA:163,19,1,1
BRDA:163,19,2,1
BRDA:168,20,0,0
BRDA:168,20,1,11
BRDA:168,21,0,11
BRDA:168,21,1,1
BRDA:177,22,0,1
BRDA:177,22,1,55
BRDA:181,23,0,1
BRDA:181,23,1,54
BRDA:181,24,0,55
BRDA:181,24,1,18
BRDA:185,25,0,2
BRDA:185,25,1,54
BRDA:189,26,0,1
BRDA:189,26,1,1
BRDA:197,27,0,17
BRDA:197,27,1,37
BRDA:200,28,0,0
BRDA:200,28,1,17
BRDA:201,29,0,17
BRDA:201,29,1,0
BRDA:201,29,2,0
BRDA:207,30,0,0
BRDA:207,30,1,17
BRDA:208,31,0,17
BRDA:208,31,1,0
BRDA:241,32,0,4
BRDA:241,32,1,28
BRDA:251,33,0,25
BRDA:251,33,1,3
BRDA:254,34,0,1
BRDA:254,34,1,24
BRDA:254,35,0,25
BRDA:254,35,1,25
BRDA:258,36,0,1
BRDA:258,36,1,24
BRDA:259,37,0,25
BRDA:259,37,1,1
BRDA:259,37,2,0
BRDA:264,38,0,0
BRDA:264,38,1,24
BRDA:264,39,0,24
BRDA:264,39,1,0
BRDA:270,40,0,25
BRDA:270,40,1,3
BRDA:275,41,0,36
BRDA:275,41,1,3
BRDA:276,42,0,3
BRDA:276,42,1,33
BRDA:276,43,0,36
BRDA:276,43,1,33
BRDA:281,44,0,27
BRDA:281,44,1,1
BRDA:285,45,0,27
BRDA:285,45,1,2
BRDA:289,46,0,3
BRDA:289,46,1,25
BRF:97
BRH:82
end_of_record
TN:
SF:src/modules/almacenes/almacen.controller.ts
FN:7,(anonymous_4)
FN:10,(anonymous_5)
FNF:2
FNH:0
FNDA:0,(anonymous_4)
FNDA:0,(anonymous_5)
DA:1,0
DA:2,0
DA:3,0
DA:6,0
DA:7,0
DA:10,0
DA:11,0
LF:7
LH:0
BRDA:10,0,0,0
BRDA:10,0,1,0
BRDA:10,1,0,0
BRDA:10,1,1,0
BRDA:7,2,0,0
BRDA:7,2,1,0
BRDA:7,3,0,0
BRDA:7,3,1,0
BRF:8
BRH:0
end_of_record
TN:
SF:src/modules/almacenes/almacen.repository.ts
FN:13,(anonymous_2)
FN:15,(anonymous_3)
FN:22,(anonymous_4)
FN:26,(anonymous_5)
FN:31,(anonymous_6)
FN:33,(anonymous_7)
FNF:6
FNH:0
FNDA:0,(anonymous_2)
FNDA:0,(anonymous_3)
FNDA:0,(anonymous_4)
FNDA:0,(anonymous_5)
FNDA:0,(anonymous_6)
FNDA:0,(anonymous_7)
DA:1,1
DA:2,1
DA:12,1
DA:13,0
DA:16,0
DA:23,0
DA:27,0
DA:32,0
DA:33,0
DA:34,0
DA:40,0
DA:41,0
LF:12
LH:3
BRDA:15,0,0,0
BRDA:17,1,0,0
BRDA:17,1,1,0
BRDA:32,2,0,0
BRDA:32,2,1,0
BRDA:13,3,0,1
BRDA:13,3,1,0
BRDA:13,4,0,1
BRDA:13,4,1,1
BRF:9
BRH:3
end_of_record
TN:
SF:src/modules/almacenes/almacen.service.ts
FN:6,(anonymous_2)
FN:8,(anonymous_3)
FNF:2
FNH:0
FNDA:0,(anonymous_2)
FNDA:0,(anonymous_3)
DA:1,0
DA:2,0
DA:5,0
DA:6,0
DA:9,0
LF:5
LH:0
BRDA:6,0,0,0
BRDA:6,0,1,0
BRDA:6,1,0,0
BRDA:6,1,1,0
BRF:4
BRH:0
end_of_record
TN:
SF:src/modules/almacenes/almacenes.module.ts
FNF:0
FNH:0
DA:1,0
DA:2,0
DA:3,0
DA:4,0
DA:11,0
LF:5
LH:0
BRF:0
BRH:0
end_of_record
TN:
SF:src/modules/almacenes/dto/find-almacenes-query.dto.ts
FNF:0
FNH:0
DA:1,0
DA:3,0
DA:6,0
LF:3
LH:0
BRF:0
BRH:0
end_of_record
TN:
SF:src/modules/articulos/articulo-text.util.ts
FN:70,baseClean
FN:83,significantTokens
FN:87,(anonymous_2)
FN:89,(anonymous_3)
FN:101,buildAliases
FN:117,(anonymous_5)
FN:125,normalizeSpokenText
FN:129,(anonymous_7)
FNF:8
FNH:8
FNDA:18,baseClean
FNDA:6,significantTokens
FNDA:24,(anonymous_2)
FNDA:24,(anonymous_3)
FNDA:6,buildAliases
FNDA:18,(anonymous_5)
FNDA:12,normalizeSpokenText
FNDA:39,(anonymous_7)
DA:1,3
DA:3,3
DA:17,3
DA:32,3
DA:68,3
DA:71,18
DA:84,6
DA:87,24
DA:89,24
DA:101,3
DA:102,6
DA:103,6
DA:105,5
DA:106,5
DA:108,5
DA:109,5
DA:110,5
DA:111,5
DA:112,10
DA:116,5
DA:117,18
DA:125,3
DA:126,12
DA:129,39
LF:24
LH:24
BRDA:87,0,0,24
BRDA:87,0,1,23
BRDA:89,1,0,24
BRDA:89,1,1,24
BRDA:89,1,2,23
BRDA:103,2,0,1
BRDA:103,2,1,5
BRDA:108,3,0,5
BRDA:108,3,1,0
BRDA:129,4,0,39
BRDA:129,4,1,20
BRF:11
BRH:10
end_of_record
TN:
SF:src/modules/articulos/articulo.controller.ts
FN:8,(anonymous_4)
FN:11,(anonymous_5)
FN:16,(anonymous_6)
FN:21,(anonymous_7)
FNF:4
FNH:0
FNDA:0,(anonymous_4)
FNDA:0,(anonymous_5)
FNDA:0,(anonymous_6)
FNDA:0,(anonymous_7)
DA:1,0
DA:2,0
DA:3,0
DA:4,0
DA:7,0
DA:8,0
DA:11,0
DA:12,0
DA:16,0
DA:17,0
DA:21,0
DA:22,0
LF:12
LH:0
BRDA:11,0,0,0
BRDA:11,0,1,0
BRDA:11,1,0,0
BRDA:11,1,1,0
BRDA:16,2,0,0
BRDA:16,2,1,0
BRDA:16,3,0,0
BRDA:16,3,1,0
BRDA:8,4,0,0
BRDA:8,4,1,0
BRDA:8,5,0,0
BRDA:8,5,1,0
BRF:12
BRH:0
end_of_record
TN:
SF:src/modules/articulos/articulo.repository.ts
FN:25,(anonymous_2)
FN:27,(anonymous_3)
FN:40,(anonymous_4)
FN:44,(anonymous_5)
FN:48,(anonymous_6)
FN:53,(anonymous_7)
FN:80,(anonymous_8)
FN:114,(anonymous_9)
FN:117,(anonymous_10)
FN:117,(anonymous_11)
FN:118,(anonymous_12)
FNF:11
FNH:0
FNDA:0,(anonymous_2)
FNDA:0,(anonymous_3)
FNDA:0,(anonymous_4)
FNDA:0,(anonymous_5)
FNDA:0,(anonymous_6)
FNDA:0,(anonymous_7)
FNDA:0,(anonymous_8)
FNDA:0,(anonymous_9)
FNDA:0,(anonymous_10)
FNDA:0,(anonymous_11)
FNDA:0,(anonymous_12)
DA:1,2
DA:2,2
DA:3,2
DA:24,2
DA:25,0
DA:32,0
DA:41,0
DA:45,0
DA:49,0
DA:57,0
DA:58,0
DA:62,0
DA:84,0
DA:115,0
DA:117,0
DA:118,0
DA:120,0
DA:129,0
DA:130,0
DA:132,0
DA:133,0
DA:134,0
DA:137,0
DA:139,0
DA:141,0
DA:144,0
DA:154,0
DA:155,0
DA:159,0
DA:163,0
DA:164,0
LF:31
LH:4
BRDA:28,0,0,0
BRDA:33,1,0,0
BRDA:33,1,1,0
BRDA:36,2,0,0
BRDA:36,2,1,0
BRDA:48,3,0,0
BRDA:58,4,0,0
BRDA:58,4,1,0
BRDA:82,5,0,0
BRDA:115,6,0,0
BRDA:115,6,1,0
BRDA:123,7,0,0
BRDA:123,7,1,0
BRDA:133,8,0,0
BRDA:133,8,1,0
BRDA:141,9,0,0
BRDA:141,9,1,0
BRDA:141,10,0,0
BRDA:141,10,1,0
BRDA:154,11,0,0
BRDA:154,11,1,0
BRDA:25,12,0,2
BRDA:25,12,1,0
BRDA:25,13,0,2
BRDA:25,13,1,2
BRF:25
BRH:3
end_of_record
TN:
SF:src/modules/articulos/articulo.service.ts
FN:18,(anonymous_2)
FN:20,(anonymous_3)
FN:37,(anonymous_4)
FN:49,(anonymous_5)
FNF:4
FNH:2
FNDA:5,(anonymous_2)
FNDA:0,(anonymous_3)
FNDA:0,(anonymous_4)
FNDA:5,(anonymous_5)
DA:1,2
DA:2,2
DA:3,2
DA:14,2
DA:17,2
DA:18,5
DA:21,0
DA:22,0
DA:24,0
DA:25,0
DA:31,0
DA:38,0
DA:39,0
DA:40,0
DA:42,0
DA:50,5
DA:51,5
DA:52,1
DA:55,4
DA:59,4
DA:60,2
DA:63,2
DA:64,2
LF:23
LH:14
BRDA:21,0,0,0
BRDA:21,0,1,0
BRDA:24,1,0,0
BRDA:24,1,1,0
BRDA:39,2,0,0
BRDA:39,2,1,0
BRDA:51,3,0,1
BRDA:51,3,1,4
BRDA:59,4,0,2
BRDA:59,4,1,2
BRDA:59,5,0,4
BRDA:59,5,1,3
BRDA:60,6,0,2
BRDA:60,6,1,1
BRDA:18,7,0,2
BRDA:18,7,1,0
BRDA:18,8,0,2
BRDA:18,8,1,2
BRF:18
BRH:11
end_of_record
TN:
SF:src/modules/articulos/articulos.module.ts
FNF:0
FNH:0
DA:1,0
DA:2,0
DA:3,0
DA:4,0
DA:11,0
LF:5
LH:0
BRF:0
BRH:0
end_of_record
TN:
SF:src/modules/articulos/dto/find-articulos-query.dto.ts
FN:14,(anonymous_2)
FNF:1
FNH:0
FNDA:0,(anonymous_2)
DA:1,0
DA:2,0
DA:4,0
DA:7,0
DA:11,0
DA:14,0
DA:18,0
LF:7
LH:0
BRF:0
BRH:0
end_of_record
TN:
SF:src/modules/articulos/dto/match-voice.dto.ts
FNF:0
FNH:0
DA:1,0
DA:3,0
DA:6,0
LF:3
LH:0
BRF:0
BRH:0
end_of_record
TN:
SF:src/modules/auth/auth.controller.ts
FN:9,(anonymous_4)
FN:17,(anonymous_5)
FNF:2
FNH:2
FNDA:1,(anonymous_4)
FNDA:1,(anonymous_5)
DA:1,1
DA:2,1
DA:3,1
DA:4,1
DA:5,1
DA:8,1
DA:9,1
DA:17,1
DA:18,1
LF:9
LH:9
BRDA:17,0,0,1
BRDA:17,0,1,0
BRDA:17,1,0,1
BRDA:17,1,1,1
BRDA:9,2,0,1
BRDA:9,2,1,0
BRDA:9,3,0,1
BRDA:9,3,1,1
BRF:8
BRH:6
end_of_record
TN:
SF:src/modules/auth/auth.module.ts
FNF:0
FNH:0
DA:1,0
DA:2,0
DA:3,0
DA:4,0
DA:5,0
DA:6,0
DA:7,0
DA:10,0
DA:28,0
LF:9
LH:0
BRDA:19,0,0,0
BRDA:19,0,1,0
BRF:2
BRH:0
end_of_record
TN:
SF:src/modules/auth/auth.service.ts
FN:17,(anonymous_11)
FN:22,(anonymous_12)
FN:53,(anonymous_13)
FNF:3
FNH:0
FNDA:0,(anonymous_11)
FNDA:0,(anonymous_12)
FNDA:0,(anonymous_13)
DA:1,1
DA:2,1
DA:3,1
DA:4,1
DA:16,1
DA:18,0
DA:19,0
DA:23,0
DA:26,0
DA:27,0
DA:30,0
DA:31,0
DA:32,0
DA:35,0
DA:41,0
DA:54,0
DA:55,0
DA:56,0
LF:18
LH:5
BRDA:26,0,0,0
BRDA:26,0,1,0
BRDA:26,1,0,0
BRDA:26,1,1,0
BRDA:31,2,0,0
BRDA:31,2,1,0
BRDA:55,3,0,0
BRDA:55,3,1,0
BRDA:55,4,0,0
BRDA:55,4,1,0
BRDA:18,5,0,1
BRDA:18,5,1,0
BRDA:18,6,0,1
BRDA:18,6,1,1
BRDA:18,7,0,1
BRDA:18,7,1,0
BRDA:18,8,0,1
BRDA:18,8,1,1
BRF:18
BRH:6
end_of_record
TN:
SF:src/modules/auth/jwt.strategy.ts
FN:12,(anonymous_2)
FN:24,(anonymous_3)
FNF:2
FNH:0
FNDA:0,(anonymous_2)
FNDA:0,(anonymous_3)
DA:1,0
DA:2,0
DA:3,0
DA:4,0
DA:11,0
DA:12,0
DA:13,0
DA:14,0
DA:15,0
DA:17,0
DA:25,0
DA:26,0
DA:27,0
DA:29,0
LF:14
LH:0
BRDA:14,0,0,0
BRDA:14,0,1,0
BRDA:26,1,0,0
BRDA:26,1,1,0
BRDA:12,2,0,0
BRDA:12,2,1,0
BRDA:12,3,0,0
BRDA:12,3,1,0
BRF:8
BRH:0
end_of_record
TN:
SF:src/modules/auth/usuario.repository.ts
FN:7,(anonymous_2)
FN:9,(anonymous_3)
FN:13,(anonymous_4)
FNF:3
FNH:0
FNDA:0,(anonymous_2)
FNDA:0,(anonymous_3)
FNDA:0,(anonymous_4)
DA:1,1
DA:2,1
DA:6,1
DA:7,0
DA:10,0
DA:14,0
LF:6
LH:3
BRDA:7,0,0,1
BRDA:7,0,1,0
BRDA:7,1,0,1
BRDA:7,1,1,1
BRF:4
BRH:3
end_of_record
TN:
SF:src/modules/auth/decorators/current-user.decorator.ts
FN:7,(anonymous_0)
FNF:1
FNH:0
FNDA:0,(anonymous_0)
DA:1,1
DA:6,1
DA:8,0
DA:11,0
LF:4
LH:2
BRF:0
BRH:0
end_of_record
TN:
SF:src/modules/auth/decorators/public.decorator.ts
FN:6,(anonymous_0)
FNF:1
FNH:1
FNDA:1,(anonymous_0)
DA:1,1
DA:3,1
DA:6,1
LF:3
LH:3
BRF:0
BRH:0
end_of_record
TN:
SF:src/modules/auth/decorators/roles.decorator.ts
FN:7,(anonymous_0)
FNF:1
FNH:1
FNDA:2,(anonymous_0)
DA:1,2
DA:4,2
DA:7,2
LF:3
LH:3
BRF:0
BRH:0
end_of_record
TN:
SF:src/modules/auth/dto/login.dto.ts
FNF:0
FNH:0
DA:1,1
DA:3,1
DA:5,1
DA:9,1
LF:4
LH:4
BRF:0
BRH:0
end_of_record
TN:
SF:src/modules/auth/guards/jwt-auth.guard.ts
FN:12,(anonymous_2)
FN:16,(anonymous_3)
FNF:2
FNH:0
FNDA:0,(anonymous_2)
FNDA:0,(anonymous_3)
DA:1,0
DA:2,0
DA:3,0
DA:4,0
DA:11,0
DA:12,0
DA:13,0
DA:17,0
DA:21,0
DA:22,0
LF:10
LH:0
BRDA:21,0,0,0
BRDA:21,0,1,0
BRDA:12,1,0,0
BRDA:12,1,1,0
BRDA:12,2,0,0
BRDA:12,2,1,0
BRF:6
BRH:0
end_of_record
TN:
SF:src/modules/auth/guards/roles.guard.ts
FN:11,(anonymous_2)
FN:13,(anonymous_3)
FNF:2
FNH:2
FNDA:4,(anonymous_2)
FNDA:4,(anonymous_3)
DA:1,1
DA:2,1
DA:4,1
DA:10,1
DA:11,4
DA:14,4
DA:18,4
DA:20,2
DA:23,2
LF:9
LH:9
BRDA:18,0,0,2
BRDA:18,0,1,2
BRDA:18,1,0,4
BRDA:18,1,1,3
BRDA:11,2,0,1
BRDA:11,2,1,0
BRDA:11,3,0,1
BRDA:11,3,1,1
BRF:8
BRH:7
end_of_record
TN:
SF:src/modules/health/health.controller.ts
FN:18,(anonymous_2)
FN:26,(anonymous_3)
FNF:2
FNH:0
FNDA:0,(anonymous_2)
FNDA:0,(anonymous_3)
DA:1,0
DA:7,0
DA:8,0
DA:9,0
DA:17,0
DA:18,0
DA:26,0
DA:27,0
DA:28,0
DA:30,0
DA:34,0
LF:11
LH:0
BRDA:18,0,0,0
BRDA:18,0,1,0
BRDA:18,1,0,0
BRDA:18,1,1,0
BRF:4
BRH:0
end_of_record
TN:
SF:src/modules/health/health.module.ts
FNF:0
FNH:0
DA:1,0
DA:2,0
DA:7,0
LF:3
LH:0
BRF:0
BRH:0
end_of_record
TN:
SF:src/modules/integration/integration-erp.service.ts
FN:12,(anonymous_2)
FN:14,(anonymous_3)
FN:32,(anonymous_4)
FNF:3
FNH:0
FNDA:0,(anonymous_2)
FNDA:0,(anonymous_3)
FNDA:0,(anonymous_4)
DA:1,1
DA:2,1
DA:3,1
DA:6,1
DA:7,0
DA:9,0
DA:12,0
DA:17,0
DA:18,0
DA:19,0
DA:20,0
DA:24,0
DA:32,0
DA:43,0
DA:44,0
DA:52,0
DA:53,0
DA:58,0
DA:60,0
DA:63,0
DA:68,0
DA:73,0
DA:75,0
DA:76,0
LF:24
LH:4
BRDA:9,0,0,0
BRDA:9,0,1,0
BRDA:19,1,0,0
BRDA:19,1,1,0
BRDA:52,2,0,0
BRDA:52,2,1,0
BRDA:60,3,0,0
BRDA:60,3,1,0
BRDA:12,4,0,1
BRDA:12,4,1,0
BRDA:12,5,0,1
BRDA:12,5,1,1
BRF:12
BRH:3
end_of_record
TN:
SF:src/modules/integration/integration.controller.ts
FN:26,(anonymous_4)
FN:35,(anonymous_5)
FN:39,(anonymous_6)
FN:60,(anonymous_7)
FN:74,(anonymous_8)
FNF:5
FNH:0
FNDA:0,(anonymous_4)
FNDA:0,(anonymous_5)
FNDA:0,(anonymous_6)
FNDA:0,(anonymous_7)
FNDA:0,(anonymous_8)
DA:1,0
DA:10,0
DA:11,0
DA:12,0
DA:13,0
DA:14,0
DA:15,0
DA:23,0
DA:24,0
DA:27,0
DA:28,0
DA:35,0
DA:39,0
DA:49,0
DA:50,0
DA:60,0
DA:64,0
DA:65,0
DA:74,0
DA:75,0
DA:76,0
DA:77,0
DA:80,0
DA:83,0
DA:84,0
LF:25
LH:0
BRDA:40,0,0,0
BRDA:40,0,1,0
BRDA:42,1,0,0
BRDA:42,1,1,0
BRDA:45,2,0,0
BRDA:45,2,1,0
BRDA:46,3,0,0
BRDA:46,3,1,0
BRDA:27,4,0,0
BRDA:27,4,1,0
BRDA:27,5,0,0
BRDA:27,5,1,0
BRDA:27,6,0,0
BRDA:27,6,1,0
BRDA:27,7,0,0
BRDA:27,7,1,0
BRF:16
BRH:0
end_of_record
TN:
SF:src/modules/integration/integration.module.ts
FNF:0
FNH:0
DA:1,0
DA:2,0
DA:3,0
DA:4,0
DA:5,0
DA:6,0
DA:14,0
LF:7
LH:0
BRF:0
BRH:0
end_of_record
TN:
SF:src/modules/integration/dto/sync-almacen-item.dto.ts
FNF:0
FNH:0
DA:1,0
DA:4,0
DA:7,0
DA:11,0
DA:15,0
LF:5
LH:0
BRF:0
BRH:0
end_of_record
TN:
SF:src/modules/integration/dto/sync-articulo-item.dto.ts
FNF:0
FNH:0
DA:1,0
DA:9,0
DA:12,0
DA:15,0
DA:18,0
DA:23,0
DA:26,0
DA:29,0
DA:33,0
DA:37,0
LF:10
LH:0
BRDA:29,0,0,0
BRDA:29,0,1,0
BRDA:29,1,0,0
BRDA:29,1,1,0
BRF:4
BRH:0
end_of_record
TN:
SF:src/modules/integration/guards/api-key.guard.ts
FN:16,(anonymous_1)
FNF:1
FNH:0
FNDA:0,(anonymous_1)
DA:1,0
DA:15,0
DA:17,0
DA:18,0
DA:19,0
DA:21,0
DA:22,0
DA:26,0
DA:27,0
DA:31,0
LF:10
LH:0
BRDA:21,0,0,0
BRDA:21,0,1,0
BRDA:26,1,0,0
BRDA:26,1,1,0
BRF:4
BRH:0
end_of_record
TN:
SF:src/modules/inventarios/inventario-repository.module.ts
FNF:0
FNH:0
DA:1,0
DA:2,0
DA:14,0
LF:3
LH:0
BRF:0
BRH:0
end_of_record
TN:
SF:src/modules/inventarios/inventario.controller.ts
FN:13,(anonymous_4)
FN:16,(anonymous_5)
FN:28,(anonymous_6)
FN:33,(anonymous_7)
FN:42,(anonymous_8)
FN:47,(anonymous_9)
FN:53,(anonymous_10)
FN:61,(anonymous_11)
FNF:8
FNH:4
FNDA:3,(anonymous_4)
FNDA:1,(anonymous_5)
FNDA:0,(anonymous_6)
FNDA:1,(anonymous_7)
FNDA:0,(anonymous_8)
FNDA:0,(anonymous_9)
FNDA:1,(anonymous_10)
FNDA:0,(anonymous_11)
DA:1,1
DA:2,1
DA:3,1
DA:4,1
DA:5,1
DA:6,1
DA:7,1
DA:8,1
DA:12,1
DA:13,3
DA:16,1
DA:20,1
DA:28,1
DA:29,0
DA:33,1
DA:34,1
DA:42,1
DA:43,0
DA:47,1
DA:48,0
DA:53,1
DA:57,1
DA:61,1
DA:62,0
LF:24
LH:20
BRDA:23,0,0,0
BRDA:23,0,1,1
BRDA:17,1,0,1
BRDA:17,1,1,0
BRDA:17,2,0,1
BRDA:17,2,1,1
BRDA:33,3,0,1
BRDA:33,3,1,0
BRDA:33,4,0,1
BRDA:33,4,1,1
BRDA:42,5,0,1
BRDA:42,5,1,0
BRDA:42,6,0,1
BRDA:42,6,1,1
BRDA:13,7,0,1
BRDA:13,7,1,0
BRDA:13,8,0,1
BRDA:13,8,1,1
BRF:18
BRH:13
end_of_record
TN:
SF:src/modules/inventarios/inventario.repository.ts
FN:69,(anonymous_2)
FN:71,(anonymous_3)
FN:87,(anonymous_4)
FN:91,(anonymous_5)
FN:98,(anonymous_6)
FN:116,(anonymous_7)
FN:135,(anonymous_8)
FN:168,(anonymous_9)
FN:191,(anonymous_10)
FN:212,(anonymous_11)
FN:234,(anonymous_12)
FN:242,(anonymous_13)
FN:249,(anonymous_14)
FN:253,(anonymous_15)
FN:259,(anonymous_16)
FN:271,(anonymous_17)
FN:275,(anonymous_18)
FN:295,(anonymous_19)
FNF:18
FNH:0
FNDA:0,(anonymous_2)
FNDA:0,(anonymous_3)
FNDA:0,(anonymous_4)
FNDA:0,(anonymous_5)
FNDA:0,(anonymous_6)
FNDA:0,(anonymous_7)
FNDA:0,(anonymous_8)
FNDA:0,(anonymous_9)
FNDA:0,(anonymous_10)
FNDA:0,(anonymous_11)
FNDA:0,(anonymous_12)
FNDA:0,(anonymous_13)
FNDA:0,(anonymous_14)
FNDA:0,(anonymous_15)
FNDA:0,(anonymous_16)
FNDA:0,(anonymous_17)
FNDA:0,(anonymous_18)
FNDA:0,(anonymous_19)
DA:1,1
DA:2,1
DA:3,1
DA:13,1
DA:68,1
DA:69,0
DA:77,0
DA:88,0
DA:92,0
DA:102,0
DA:121,0
DA:130,0
DA:131,0
DA:136,0
DA:169,0
DA:195,0
DA:215,0
DA:235,0
DA:236,0
DA:239,0
DA:243,0
DA:250,0
DA:254,0
DA:260,0
DA:275,0
DA:276,0
DA:279,0
DA:287,0
DA:291,0
DA:296,0
LF:30
LH:5
BRDA:82,0,0,0
BRDA:82,0,1,0
BRDA:130,1,0,0
BRDA:130,1,1,0
BRDA:235,2,0,0
BRDA:235,2,1,0
BRDA:69,3,0,1
BRDA:69,3,1,0
BRDA:69,4,0,1
BRDA:69,4,1,1
BRF:10
BRH:3
end_of_record
TN:
SF:src/modules/inventarios/inventario.service.ts
FN:78,(anonymous_2)
FN:87,(anonymous_3)
FN:100,(anonymous_4)
FN:108,(anonymous_5)
FN:150,(anonymous_6)
FN:184,(anonymous_7)
FN:229,(anonymous_8)
FN:240,(anonymous_9)
FN:245,(anonymous_10)
FN:259,(anonymous_11)
FN:382,(anonymous_12)
FN:400,(anonymous_13)
FNF:12
FNH:0
FNDA:0,(anonymous_2)
FNDA:0,(anonymous_3)
FNDA:0,(anonymous_4)
FNDA:0,(anonymous_5)
FNDA:0,(anonymous_6)
FNDA:0,(anonymous_7)
FNDA:0,(anonymous_8)
FNDA:0,(anonymous_9)
FNDA:0,(anonymous_10)
FNDA:0,(anonymous_11)
FNDA:0,(anonymous_12)
FNDA:0,(anonymous_13)
DA:1,1
DA:6,1
DA:7,1
DA:8,1
DA:9,1
DA:10,1
DA:14,1
DA:18,1
DA:25,1
DA:70,1
DA:72,1
DA:77,1
DA:79,0
DA:80,0
DA:81,0
DA:82,0
DA:83,0
DA:84,0
DA:93,0
DA:94,0
DA:95,0
DA:97,0
DA:101,0
DA:102,0
DA:103,0
DA:105,0
DA:112,0
DA:113,0
DA:114,0
DA:116,0
DA:117,0
DA:125,0
DA:130,0
DA:131,0
DA:132,0
DA:138,0
DA:139,0
DA:140,0
DA:143,0
DA:154,0
DA:155,0
DA:156,0
DA:158,0
DA:159,0
DA:163,0
DA:164,0
DA:169,0
DA:170,0
DA:171,0
DA:176,0
DA:187,0
DA:189,0
DA:191,0
DA:192,0
DA:194,0
DA:196,0
DA:206,0
DA:207,0
DA:214,0
DA:215,0
DA:216,0
DA:217,0
DA:219,0
DA:228,0
DA:231,0
DA:232,0
DA:236,0
DA:238,0
DA:240,0
DA:242,0
DA:246,0
DA:247,0
DA:248,0
DA:252,0
DA:263,0
DA:264,0
DA:265,0
DA:267,0
DA:268,0
DA:274,0
DA:276,0
DA:277,0
DA:279,0
DA:280,0
DA:284,0
DA:285,0
DA:291,0
DA:294,0
DA:304,0
DA:308,0
DA:309,0
DA:311,0
DA:318,0
DA:327,0
DA:339,0
DA:342,0
DA:343,0
DA:358,0
DA:367,0
DA:375,0
DA:380,0
DA:381,0
DA:382,0
DA:391,0
DA:400,0
DA:405,0
LF:106
LH:12
BRDA:94,0,0,0
BRDA:94,0,1,0
BRDA:102,1,0,0
BRDA:102,1,1,0
BRDA:113,2,0,0
BRDA:113,2,1,0
BRDA:116,3,0,0
BRDA:116,3,1,0
BRDA:125,4,0,0
BRDA:125,4,1,0
BRDA:126,5,0,0
BRDA:126,5,1,0
BRDA:131,6,0,0
BRDA:131,6,1,0
BRDA:138,7,0,0
BRDA:138,7,1,0
BRDA:155,8,0,0
BRDA:155,8,1,0
BRDA:158,9,0,0
BRDA:158,9,1,0
BRDA:163,10,0,0
BRDA:163,10,1,0
BRDA:170,11,0,0
BRDA:170,11,1,0
BRDA:191,12,0,0
BRDA:191,12,1,0
BRDA:216,13,0,0
BRDA:216,13,1,0
BRDA:231,14,0,0
BRDA:231,14,1,0
BRDA:232,15,0,0
BRDA:232,15,1,0
BRDA:236,16,0,0
BRDA:236,16,1,0
BRDA:247,17,0,0
BRDA:247,17,1,0
BRDA:247,18,0,0
BRDA:247,18,1,0
BRDA:264,19,0,0
BRDA:264,19,1,0
BRDA:267,20,0,0
BRDA:267,20,1,0
BRDA:284,21,0,0
BRDA:284,21,1,0
BRDA:304,22,0,0
BRDA:304,22,1,0
BRDA:308,23,0,0
BRDA:308,23,1,0
BRDA:314,24,0,0
BRDA:314,24,1,0
BRDA:348,25,0,0
BRDA:348,25,1,0
BRDA:380,26,0,0
BRDA:380,26,1,0
BRDA:79,27,0,1
BRDA:79,27,1,0
BRDA:79,28,0,1
BRDA:79,28,1,1
BRDA:79,29,0,1
BRDA:79,29,1,0
BRDA:79,30,0,1
BRDA:79,30,1,1
BRDA:80,31,0,1
BRDA:80,31,1,0
BRDA:80,32,0,1
BRDA:80,32,1,1
BRDA:81,33,0,1
BRDA:81,33,1,0
BRDA:81,34,0,1
BRDA:81,34,1,1
BRDA:82,35,0,1
BRDA:82,35,1,0
BRDA:82,36,0,1
BRDA:82,36,1,1
BRDA:83,37,0,1
BRDA:83,37,1,0
BRDA:83,38,0,1
BRDA:83,38,1,1
BRF:78
BRH:18
end_of_record
TN:
SF:src/modules/inventarios/inventarios.module.ts
FNF:0
FNH:0
DA:1,0
DA:2,0
DA:3,0
DA:4,0
DA:5,0
DA:6,0
DA:7,0
DA:8,0
DA:9,0
DA:23,0
LF:10
LH:0
BRF:0
BRH:0
end_of_record
TN:
SF:src/modules/inventarios/dto/cambiar-estado.dto.ts
FNF:0
FNH:0
DA:1,1
DA:2,1
DA:4,1
DA:6,1
LF:4
LH:4
BRDA:6,0,0,0
BRDA:6,0,1,1
BRDA:6,1,0,1
BRDA:6,1,1,1
BRF:4
BRH:3
end_of_record
TN:
SF:src/modules/inventarios/dto/crear-inventario.dto.ts
FNF:0
FNH:0
DA:1,1
DA:8,1
DA:11,1
DA:15,1
LF:4
LH:4
BRF:0
BRH:0
end_of_record
TN:
SF:src/modules/inventarios/dto/procesar-voz.dto.ts
FNF:0
FNH:0
DA:1,1
DA:3,1
DA:6,1
LF:3
LH:3
BRF:0
BRH:0
end_of_record
TN:
SF:src/modules/inventarios/services/anomalias.service.ts
FN:37,(anonymous_1)
FNF:1
FNH:1
FNDA:19,(anonymous_1)
DA:1,2
DA:2,2
DA:7,2
DA:13,2
DA:14,2
DA:36,2
DA:55,19
DA:56,19
DA:57,19
DA:60,19
DA:61,19
DA:62,19
DA:63,4
DA:67,4
DA:68,3
DA:69,3
DA:71,1
DA:72,1
DA:80,19
DA:81,2
DA:82,2
DA:92,19
DA:94,19
DA:97,19
DA:98,11
DA:99,11
DA:103,6
DA:104,6
DA:107,6
DA:116,19
LF:30
LH:30
BRDA:62,0,0,4
BRDA:62,0,1,15
BRDA:67,1,0,3
BRDA:67,1,1,1
BRDA:80,2,0,2
BRDA:80,2,1,17
BRDA:92,3,0,19
BRDA:92,3,1,3
BRDA:94,4,0,2
BRDA:94,4,1,17
BRDA:97,5,0,11
BRDA:97,5,1,8
BRDA:97,6,0,19
BRDA:97,6,1,12
BRDA:99,7,0,6
BRDA:99,7,1,5
BRDA:100,8,0,11
BRDA:100,8,1,6
BRDA:104,9,0,1
BRDA:104,9,1,5
BRF:20
BRH:20
end_of_record
TN:
SF:src/modules/reportes/reporte.controller.ts
FN:8,(anonymous_4)
FN:11,(anonymous_5)
FN:16,(anonymous_6)
FNF:3
FNH:0
FNDA:0,(anonymous_4)
FNDA:0,(anonymous_5)
FNDA:0,(anonymous_6)
DA:1,0
DA:3,0
DA:4,0
DA:7,0
DA:8,0
DA:11,0
DA:12,0
DA:16,0
DA:20,0
DA:21,0
DA:22,0
DA:26,0
LF:12
LH:0
BRDA:11,0,0,0
BRDA:11,0,1,0
BRDA:11,1,0,0
BRDA:11,1,1,0
BRDA:17,2,0,0
BRDA:17,2,1,0
BRDA:17,3,0,0
BRDA:17,3,1,0
BRDA:8,4,0,0
BRDA:8,4,1,0
BRDA:8,5,0,0
BRDA:8,5,1,0
BRF:12
BRH:0
end_of_record
TN:
SF:src/modules/reportes/reporte.repository.ts
FN:22,(anonymous_2)
FN:30,(anonymous_3)
FNF:2
FNH:0
FNDA:0,(anonymous_2)
FNDA:0,(anonymous_3)
DA:1,0
DA:2,0
DA:3,0
DA:21,0
DA:22,0
DA:35,0
DA:38,0
DA:41,0
DA:45,0
LF:9
LH:0
BRDA:35,0,0,0
BRDA:35,0,1,0
BRDA:38,1,0,0
BRDA:38,1,1,0
BRDA:41,2,0,0
BRDA:41,2,1,0
BRDA:22,3,0,0
BRDA:22,3,1,0
BRDA:22,4,0,0
BRDA:22,4,1,0
BRF:10
BRH:0
end_of_record
TN:
SF:src/modules/reportes/reporte.service.ts
FN:10,(anonymous_2)
FN:15,(anonymous_3)
FN:36,(anonymous_4)
FN:54,(anonymous_5)
FNF:4
FNH:0
FNDA:0,(anonymous_2)
FNDA:0,(anonymous_3)
FNDA:0,(anonymous_4)
FNDA:0,(anonymous_5)
DA:1,0
DA:2,0
DA:3,0
DA:9,0
DA:11,0
DA:12,0
DA:20,0
DA:21,0
DA:22,0
DA:23,0
DA:29,0
DA:41,0
DA:42,0
DA:54,0
DA:55,0
DA:68,0
LF:16
LH:0
BRDA:20,0,0,0
BRDA:20,0,1,0
BRDA:22,1,0,0
BRDA:22,1,1,0
BRDA:31,2,0,0
BRDA:31,2,1,0
BRDA:32,3,0,0
BRDA:32,3,1,0
BRDA:56,4,0,0
BRDA:56,4,1,0
BRDA:64,5,0,0
BRDA:64,5,1,0
BRDA:11,6,0,0
BRDA:11,6,1,0
BRDA:11,7,0,0
BRDA:11,7,1,0
BRDA:11,8,0,0
BRDA:11,8,1,0
BRDA:11,9,0,0
BRDA:11,9,1,0
BRF:20
BRH:0
end_of_record
TN:
SF:src/modules/reportes/reportes.module.ts
FNF:0
FNH:0
DA:1,0
DA:2,0
DA:3,0
DA:4,0
DA:5,0
DA:12,0
LF:6
LH:0
BRF:0
BRH:0
end_of_record
TN:
SF:src/modules/reportes/dto/variacion-query.dto.ts
FNF:0
FNH:0
DA:1,0
DA:3,0
DA:6,0
DA:10,0
DA:14,0
LF:5
LH:0
BRF:0
BRH:0
end_of_record
TN:
SF:src/prisma/prisma.module.ts
FNF:0
FNH:0
DA:1,0
DA:2,0
DA:9,0
LF:3
LH:0
BRF:0
BRH:0
end_of_record
TN:
SF:src/prisma/prisma.service.ts
FN:17,(anonymous_2)
FN:23,(anonymous_3)
FN:28,(anonymous_4)
FNF:3
FNH:0
FNDA:0,(anonymous_2)
FNDA:0,(anonymous_3)
FNDA:0,(anonymous_4)
DA:1,3
DA:7,3
DA:8,3
DA:11,3
DA:15,0
DA:18,0
DA:24,0
DA:25,0
DA:29,0
LF:9
LH:4
BRF:0
BRH:0
end_of_record
TN:
SF:src/scripts/import-excel.ts
FN:55,normalizeSheetName
FN:60,primitiveToString
FN:67,normalizeUnidad
FN:75,cellText
FN:82,cellNumber
FN:91,isTotalRow
FN:99,slugifyCodigo
FN:107,deriveUnidadNegocio
FN:112,parseAlmacenes
FN:121,(anonymous_10)
FN:149,parseStockSheet
FN:155,(anonymous_12)
FN:172,groupKey
FN:180,reduceGroup
FN:182,(anonymous_15)
FN:185,(anonymous_16)
FN:186,(anonymous_17)
FN:190,(anonymous_18)
FN:191,(anonymous_19)
FN:192,(anonymous_20)
FN:195,(anonymous_21)
FN:209,parseArticulos
FN:231,dedupeSkusAcrossGroups
FN:235,(anonymous_24)
FN:252,main
FN:296,(anonymous_26)
FNF:26
FNH:0
FNDA:0,normalizeSheetName
FNDA:0,primitiveToString
FNDA:0,normalizeUnidad
FNDA:0,cellText
FNDA:0,cellNumber
FNDA:0,isTotalRow
FNDA:0,slugifyCodigo
FNDA:0,deriveUnidadNegocio
FNDA:0,parseAlmacenes
FNDA:0,(anonymous_10)
FNDA:0,parseStockSheet
FNDA:0,(anonymous_12)
FNDA:0,groupKey
FNDA:0,reduceGroup
FNDA:0,(anonymous_15)
FNDA:0,(anonymous_16)
FNDA:0,(anonymous_17)
FNDA:0,(anonymous_18)
FNDA:0,(anonymous_19)
FNDA:0,(anonymous_20)
FNDA:0,(anonymous_21)
FNDA:0,parseArticulos
FNDA:0,dedupeSkusAcrossGroups
FNDA:0,(anonymous_24)
FNDA:0,main
FNDA:0,(anonymous_26)
DA:1,0
DA:2,0
DA:3,0
DA:4,0
DA:5,0
DA:6,0
DA:8,0
DA:10,0
DA:11,0
DA:12,0
DA:14,0
DA:16,0
DA:17,0
DA:20,0
DA:31,0
DA:56,0
DA:61,0
DA:62,0
DA:63,0
DA:64,0
DA:68,0
DA:69,0
DA:70,0
DA:71,0
DA:72,0
DA:76,0
DA:77,0
DA:78,0
DA:79,0
DA:83,0
DA:84,0
DA:85,0
DA:86,0
DA:88,0
DA:92,0
DA:100,0
DA:108,0
DA:109,0
DA:113,0
DA:114,0
DA:115,0
DA:118,0
DA:119,0
DA:121,0
DA:122,0
DA:123,0
DA:124,0
DA:126,0
DA:127,0
DA:128,0
DA:129,0
DA:131,0
DA:134,0
DA:151,0
DA:153,0
DA:155,0
DA:156,0
DA:157,0
DA:158,0
DA:160,0
DA:169,0
DA:177,0
DA:181,0
DA:182,0
DA:184,0
DA:185,0
DA:186,0
DA:189,0
DA:190,0
DA:191,0
DA:192,0
DA:194,0
DA:195,0
DA:198,0
DA:210,0
DA:212,0
DA:213,0
DA:214,0
DA:215,0
DA:216,0
DA:217,0
DA:218,0
DA:222,0
DA:223,0
DA:234,0
DA:235,0
DA:236,0
DA:237,0
DA:238,0
DA:241,0
DA:243,0
DA:244,0
DA:253,0
DA:254,0
DA:255,0
DA:257,0
DA:258,0
DA:259,0
DA:268,0
DA:269,0
DA:270,0
DA:272,0
DA:273,0
DA:274,0
DA:276,0
DA:277,0
DA:279,0
DA:287,0
DA:288,0
DA:289,0
DA:290,0
DA:292,0
DA:296,0
DA:297,0
DA:298,0
LF:115
LH:0
BRDA:61,0,0,0
BRDA:61,0,1,0
BRDA:62,1,0,0
BRDA:62,1,1,0
BRDA:62,2,0,0
BRDA:62,2,1,0
BRDA:69,3,0,0
BRDA:69,3,1,0
BRDA:71,4,0,0
BRDA:71,4,1,0
BRDA:72,5,0,0
BRDA:72,5,1,0
BRDA:77,6,0,0
BRDA:77,6,1,0
BRDA:79,7,0,0
BRDA:79,7,1,0
BRDA:83,8,0,0
BRDA:83,8,1,0
BRDA:84,9,0,0
BRDA:84,9,1,0
BRDA:84,10,0,0
BRDA:84,10,1,0
BRDA:86,11,0,0
BRDA:86,11,1,0
BRDA:109,12,0,0
BRDA:109,12,1,0
BRDA:114,13,0,0
BRDA:114,13,1,0
BRDA:122,14,0,0
BRDA:122,14,1,0
BRDA:124,15,0,0
BRDA:124,15,1,0
BRDA:127,16,0,0
BRDA:127,16,1,0
BRDA:129,17,0,0
BRDA:129,17,1,0
BRDA:151,18,0,0
BRDA:151,18,1,0
BRDA:156,19,0,0
BRDA:156,19,1,0
BRDA:158,20,0,0
BRDA:158,20,1,0
BRDA:158,21,0,0
BRDA:158,21,1,0
BRDA:182,22,0,0
BRDA:182,22,1,0
BRDA:185,23,0,0
BRDA:185,23,1,0
BRDA:192,24,0,0
BRDA:192,24,1,0
BRDA:194,25,0,0
BRDA:194,25,1,0
BRDA:213,26,0,0
BRDA:213,26,1,0
BRDA:217,27,0,0
BRDA:217,27,1,0
BRDA:236,28,0,0
BRDA:236,28,1,0
BRDA:237,29,0,0
BRDA:237,29,1,0
BRF:60
BRH:0
end_of_record
